#
# There is insufficient memory for the Java Runtime Environment to continue.
# Native memory allocation (mmap) failed to map 131072 bytes for committing reserved memory.
# Possible reasons:
#   The system is out of physical RAM or swap space
#   In 32 bit mode, the process size limit was hit
# Possible solutions:
#   Reduce memory load on the system
#   Increase physical memory or swap space
#   Check if swap backing store is full
#   Use 64 bit Java on a 64 bit OS
#   Decrease Java heap size (-Xmx/-Xms)
#   Decrease number of Java threads
#   Decrease Java thread stack sizes (-Xss)
#   Set larger code cache with -XX:ReservedCodeCacheSize=
# This output file may be truncated or incomplete.
#
#  Out of Memory Error (os_linux.cpp:2643), pid=29310, tid=0x00007fcf769b1700
#
# JRE version: OpenJDK Runtime Environment (8.0_181-b13) (build 1.8.0_181-8u181-b13-0ubuntu0.16.04.1-b13)
# Java VM: OpenJDK 64-Bit Server VM (25.181-b13 mixed mode linux-amd64 compressed oops)
# Failed to write core dump. Core dumps have been disabled. To enable core dumping, try "ulimit -c unlimited" before starting Java again
#

---------------  T H R E A D  ---------------

Current thread (0x0000000000b23800):  JavaThread "netty-rpc-env-timeout" daemon [_thread_in_vm, id=29361, stack(0x00007fcf768b1000,0x00007fcf769b2000)]

Stack: [0x00007fcf768b1000,0x00007fcf769b2000],  sp=0x00007fcf769adc00,  free space=1011k
Native frames: (J=compiled Java code, j=interpreted, Vv=VM code, C=native code)
V  [libjvm.so+0xa70edb]
V  [libjvm.so+0x4c893c]
V  [libjvm.so+0x8bda08]
V  [libjvm.so+0x8b7d9e]
V  [libjvm.so+0xa6d7c4]
V  [libjvm.so+0x83bb45]
V  [libjvm.so+0x83bd4f]
V  [libjvm.so+0x83d09b]
V  [libjvm.so+0x83d213]
V  [libjvm.so+0x83e6bb]
V  [libjvm.so+0x83e918]
V  [libjvm.so+0x61e0b2]
V  [libjvm.so+0x42cefb]
V  [libjvm.so+0x9dfab6]
V  [libjvm.so+0x6a809f]
V  [libjvm.so+0x6a937c]  JVM_DefineClassWithSource+0xbc
C  [libjava.so+0xec11]  Java_java_lang_ClassLoader_defineClass1+0x171
J 385  java.lang.ClassLoader.defineClass1(Ljava/lang/String;[BIILjava/security/ProtectionDomain;Ljava/lang/String;)Ljava/lang/Class; (0 bytes) @ 0x00007fcf9922980b [0x00007fcf99229700+0x10b]
J 4162 C2 java.lang.ClassLoader.defineClass(Ljava/lang/String;[BIILjava/security/ProtectionDomain;)Ljava/lang/Class; (43 bytes) @ 0x00007fcf99a91d5c [0x00007fcf99a91840+0x51c]
J 311 C1 java.net.URLClassLoader.defineClass(Ljava/lang/String;Lsun/misc/Resource;)Ljava/lang/Class; (142 bytes) @ 0x00007fcf991d5e28 [0x00007fcf991d4340+0x1ae8]
J 4155 C1 java.net.URLClassLoader$1.run()Ljava/lang/Class; (63 bytes) @ 0x00007fcf99a71b81 [0x00007fcf99a718e0+0x2a1]
J 1661 C2 java.net.URLClassLoader$1.run()Ljava/lang/Object; (5 bytes) @ 0x00007fcf99156ad4 [0x00007fcf99156aa0+0x34]
v  ~StubRoutines::call_stub
V  [libjvm.so+0x666a0b]
V  [libjvm.so+0x6b7b09]  JVM_DoPrivileged+0x429
J 120  java.security.AccessController.doPrivileged(Ljava/security/PrivilegedExceptionAction;Ljava/security/AccessControlContext;)Ljava/lang/Object; (0 bytes) @ 0x00007fcf991444d5 [0x00007fcf99144400+0xd5]
J 1485 C2 java.net.URLClassLoader.findClass(Ljava/lang/String;)Ljava/lang/Class; (47 bytes) @ 0x00007fcf99522230 [0x00007fcf995221a0+0x90]
J 2069 C2 java.lang.ClassLoader.loadClass(Ljava/lang/String;)Ljava/lang/Class; (7 bytes) @ 0x00007fcf99317690 [0x00007fcf99316a80+0xc10]
v  ~StubRoutines::call_stub
V  [libjvm.so+0x666a0b]
V  [libjvm.so+0x663fe4]
V  [libjvm.so+0x664643]
V  [libjvm.so+0x9e6cbd]
V  [libjvm.so+0x9e5656]
V  [libjvm.so+0x9e777a]
V  [libjvm.so+0x4b92b5]
V  [libjvm.so+0x65342f]
j  org.apache.spark.rpc.netty.NettyRpcEnv.org$apache$spark$rpc$netty$NettyRpcEnv$$onFailure$1(Ljava/lang/Throwable;Lscala/concurrent/Promise;)V+11
j  org.apache.spark.rpc.netty.NettyRpcEnv$$anon$1.run()V+68
j  java.util.concurrent.Executors$RunnableAdapter.call()Ljava/lang/Object;+4
j  java.util.concurrent.FutureTask.run()V+42
j  java.util.concurrent.ScheduledThreadPoolExecutor$ScheduledFutureTask.access$201(Ljava/util/concurrent/ScheduledThreadPoolExecutor$ScheduledFutureTask;)V+1
j  java.util.concurrent.ScheduledThreadPoolExecutor$ScheduledFutureTask.run()V+30
j  java.util.concurrent.ThreadPoolExecutor.runWorker(Ljava/util/concurrent/ThreadPoolExecutor$Worker;)V+95
j  java.util.concurrent.ThreadPoolExecutor$Worker.run()V+5
j  java.lang.Thread.run()V+11
v  ~StubRoutines::call_stub
V  [libjvm.so+0x666a0b]
V  [libjvm.so+0x663fe4]
V  [libjvm.so+0x6645c7]
V  [libjvm.so+0x6a78a4]
V  [libjvm.so+0xa15547]
V  [libjvm.so+0xa15a0c]
V  [libjvm.so+0x8bae12]
C  [libpthread.so.0+0x76ba]  start_thread+0xca

Java frames: (J=compiled Java code, j=interpreted, Vv=VM code)
J 385  java.lang.ClassLoader.defineClass1(Ljava/lang/String;[BIILjava/security/ProtectionDomain;Ljava/lang/String;)Ljava/lang/Class; (0 bytes) @ 0x00007fcf99229791 [0x00007fcf99229700+0x91]
J 4162 C2 java.lang.ClassLoader.defineClass(Ljava/lang/String;[BIILjava/security/ProtectionDomain;)Ljava/lang/Class; (43 bytes) @ 0x00007fcf99a91d5c [0x00007fcf99a91840+0x51c]
J 311 C1 java.net.URLClassLoader.defineClass(Ljava/lang/String;Lsun/misc/Resource;)Ljava/lang/Class; (142 bytes) @ 0x00007fcf991d5e28 [0x00007fcf991d4340+0x1ae8]
J 4155 C1 java.net.URLClassLoader$1.run()Ljava/lang/Class; (63 bytes) @ 0x00007fcf99a71b81 [0x00007fcf99a718e0+0x2a1]
J 1661 C2 java.net.URLClassLoader$1.run()Ljava/lang/Object; (5 bytes) @ 0x00007fcf99156ad4 [0x00007fcf99156aa0+0x34]
v  ~StubRoutines::call_stub
J 120  java.security.AccessController.doPrivileged(Ljava/security/PrivilegedExceptionAction;Ljava/security/AccessControlContext;)Ljava/lang/Object; (0 bytes) @ 0x00007fcf99144463 [0x00007fcf99144400+0x63]
J 1485 C2 java.net.URLClassLoader.findClass(Ljava/lang/String;)Ljava/lang/Class; (47 bytes) @ 0x00007fcf99522230 [0x00007fcf995221a0+0x90]
J 2069 C2 java.lang.ClassLoader.loadClass(Ljava/lang/String;)Ljava/lang/Class; (7 bytes) @ 0x00007fcf99317690 [0x00007fcf99316a80+0xc10]
v  ~StubRoutines::call_stub
j  org.apache.spark.rpc.netty.NettyRpcEnv.org$apache$spark$rpc$netty$NettyRpcEnv$$onFailure$1(Ljava/lang/Throwable;Lscala/concurrent/Promise;)V+11
j  org.apache.spark.rpc.netty.NettyRpcEnv$$anon$1.run()V+68
j  java.util.concurrent.Executors$RunnableAdapter.call()Ljava/lang/Object;+4
j  java.util.concurrent.FutureTask.run()V+42
j  java.util.concurrent.ScheduledThreadPoolExecutor$ScheduledFutureTask.access$201(Ljava/util/concurrent/ScheduledThreadPoolExecutor$ScheduledFutureTask;)V+1
j  java.util.concurrent.ScheduledThreadPoolExecutor$ScheduledFutureTask.run()V+30
j  java.util.concurrent.ThreadPoolExecutor.runWorker(Ljava/util/concurrent/ThreadPoolExecutor$Worker;)V+95
j  java.util.concurrent.ThreadPoolExecutor$Worker.run()V+5
j  java.lang.Thread.run()V+11
v  ~StubRoutines::call_stub

---------------  P R O C E S S  ---------------

Java Threads: ( => current thread )
  0x00007fcf9415a000 JavaThread "Executor task launch worker for task 12" daemon [_thread_blocked, id=29385, stack(0x00007fcf7494f000,0x00007fcf74a50000)]
  0x00007fcf94112800 JavaThread "task-result-getter-3" daemon [_thread_blocked, id=29378, stack(0x00007fcf7354d000,0x00007fcf7364e000)]
  0x00007fcf940d3000 JavaThread "task-result-getter-2" daemon [_thread_blocked, id=29377, stack(0x00007fcf7484e000,0x00007fcf7494f000)]
  0x00007fcf9412f000 JavaThread "task-result-getter-1" daemon [_thread_blocked, id=29372, stack(0x00007fcf74d53000,0x00007fcf74e54000)]
  0x00007fcf8c02e000 JavaThread "task-result-getter-0" daemon [_thread_blocked, id=29371, stack(0x00007fcf75054000,0x00007fcf75155000)]
  0x00007fcf89b83000 JavaThread "org.apache.hadoop.fs.FileSystem$Statistics$StatisticsDataReferenceCleaner" daemon [_thread_blocked, id=29369, stack(0x00007fcf75762000,0x00007fcf75863000)]
  0x00007fcf88df5000 JavaThread "SparkListenerBus" daemon [_thread_in_vm, id=29367, stack(0x00007fcf760ab000,0x00007fcf761ac000)]
  0x00007fcf88d57000 JavaThread "context-cleaner-periodic-gc" daemon [_thread_blocked, id=29366, stack(0x00007fcf761ac000,0x00007fcf762ad000)]
  0x00007fcf88d3d000 JavaThread "Spark Context Cleaner" daemon [_thread_blocked, id=29365, stack(0x00007fcf762ad000,0x00007fcf763ae000)]
  0x00007fcf888ae000 JavaThread "shuffle-server-5-1" daemon [_thread_in_native, id=29364, stack(0x00007fcf765ae000,0x00007fcf766af000)]
  0x00007fcf888ac000 JavaThread "driver-heartbeater" daemon [_thread_in_vm, id=29363, stack(0x00007fcf766af000,0x00007fcf767b0000)]
  0x00007fcf8889e800 JavaThread "dag-scheduler-event-loop" daemon [_thread_blocked, id=29362, stack(0x00007fcf767b0000,0x00007fcf768b1000)]
=>0x0000000000b23800 JavaThread "netty-rpc-env-timeout" daemon [_thread_in_vm, id=29361, stack(0x00007fcf768b1000,0x00007fcf769b2000)]
  0x00007fcf8889a000 JavaThread "Timer-0" daemon [_thread_blocked, id=29360, stack(0x00007fcf769b2000,0x00007fcf76ab3000)]
  0x00007fcf94073000 JavaThread "heartbeat-receiver-event-loop-thread" daemon [_thread_blocked, id=29359, stack(0x00007fcf76ab3000,0x00007fcf76bb4000)]
  0x00007fcf8886d000 JavaThread "SparkUI-37" daemon [_thread_blocked, id=29358, stack(0x00007fcf76bb4000,0x00007fcf76cb5000)]
  0x00007fcf8886b800 JavaThread "SparkUI-36" daemon [_thread_blocked, id=29357, stack(0x00007fcf76cb5000,0x00007fcf76db6000)]
  0x00007fcf88869800 JavaThread "SparkUI-35" daemon [_thread_blocked, id=29356, stack(0x00007fcf76db6000,0x00007fcf76eb7000)]
  0x00007fcf88868000 JavaThread "SparkUI-34" daemon [_thread_blocked, id=29355, stack(0x00007fcf76eb7000,0x00007fcf76fb8000)]
  0x00007fcf88866000 JavaThread "SparkUI-33" daemon [_thread_blocked, id=29354, stack(0x00007fcf76fb8000,0x00007fcf770b9000)]
  0x00007fcf88864800 JavaThread "SparkUI-32" daemon [_thread_blocked, id=29353, stack(0x00007fcf770b9000,0x00007fcf771ba000)]
  0x00007fcf88832800 JavaThread "SparkUI-31-acceptor-0@619024fa-Spark@6f57d6b8{HTTP/1.1}{0.0.0.0:4040}" daemon [_thread_in_native, id=29352, stack(0x00007fcf771ba000,0x00007fcf772bb000)]
  0x00007fcf8883a000 JavaThread "SparkUI-30-selector-ServerConnectorManager@3ad05238/0" daemon [_thread_in_native, id=29351, stack(0x00007fcf772bb000,0x00007fcf773bc000)]
  0x00007fcf887ed000 JavaThread "refresh progress" daemon [_thread_blocked, id=29349, stack(0x00007fcf775bc000,0x00007fcf776bd000)]
  0x00007fcf8875f800 JavaThread "map-output-dispatcher-7" daemon [_thread_blocked, id=29348, stack(0x00007fcf778bd000,0x00007fcf779be000)]
  0x00007fcf8875e000 JavaThread "map-output-dispatcher-6" daemon [_thread_blocked, id=29347, stack(0x00007fcf779be000,0x00007fcf77abf000)]
  0x00007fcf8875c800 JavaThread "map-output-dispatcher-5" daemon [_thread_blocked, id=29346, stack(0x00007fcf77abf000,0x00007fcf77bc0000)]
  0x00007fcf887c8800 JavaThread "map-output-dispatcher-4" daemon [_thread_blocked, id=29345, stack(0x00007fcf77bc0000,0x00007fcf77cc1000)]
  0x00007fcf88791000 JavaThread "map-output-dispatcher-3" daemon [_thread_blocked, id=29344, stack(0x00007fcf77cc1000,0x00007fcf77dc2000)]
  0x00007fcf887c7000 JavaThread "map-output-dispatcher-2" daemon [_thread_blocked, id=29343, stack(0x00007fcf77dc2000,0x00007fcf77ec3000)]
  0x00007fcf88793000 JavaThread "map-output-dispatcher-1" daemon [_thread_blocked, id=29342, stack(0x00007fcf77ec3000,0x00007fcf77fc4000)]
  0x00007fcf887fc000 JavaThread "map-output-dispatcher-0" daemon [_thread_blocked, id=29341, stack(0x00007fcf77fc4000,0x00007fcf780c5000)]
  0x00007fcf88757800 JavaThread "rpc-server-3-1" daemon [_thread_in_native, id=29340, stack(0x00007fcf780c5000,0x00007fcf781c6000)]
  0x00007fcf8864b000 JavaThread "dispatcher-event-loop-1" daemon [_thread_blocked, id=29339, stack(0x00007fcf785d9000,0x00007fcf786da000)]
  0x00007fcf8864a000 JavaThread "dispatcher-event-loop-0" daemon [_thread_blocked, id=29338, stack(0x00007fcf78efe000,0x00007fcf78fff000)]
  0x00007fcf7c3d2800 JavaThread "Thread-2" [_thread_in_vm, id=29334, stack(0x00007fcf98674000,0x00007fcf98775000)]
  0x00007fcfa8d5d000 JavaThread "Thread-1" [_thread_in_native, id=29333, stack(0x00007fcf98775000,0x00007fcf98876000)]
  0x00007fcfa8d4e000 JavaThread "pool-1-thread-1" [_thread_blocked, id=29332, stack(0x00007fcf98876000,0x00007fcf98977000)]
  0x00007fcfa80bb000 JavaThread "Service Thread" daemon [_thread_blocked, id=29330, stack(0x00007fcfacc6d000,0x00007fcfacd6e000)]
  0x00007fcfa80b7800 JavaThread "C1 CompilerThread1" daemon [_thread_in_native, id=29329, stack(0x00007fcfacd6e000,0x00007fcface6f000)]
  0x00007fcfa80b5800 JavaThread "C2 CompilerThread0" daemon [_thread_in_native, id=29328, stack(0x00007fcface6f000,0x00007fcfacf70000)]
  0x00007fcfa80b4000 JavaThread "Signal Dispatcher" daemon [_thread_blocked, id=29327, stack(0x00007fcfacf70000,0x00007fcfad071000)]
  0x00007fcfa8081800 JavaThread "Finalizer" daemon [_thread_blocked, id=29326, stack(0x00007fcfad209000,0x00007fcfad30a000)]
  0x00007fcfa807d000 JavaThread "Reference Handler" daemon [_thread_blocked, id=29325, stack(0x00007fcfad30a000,0x00007fcfad40b000)]
  0x00007fcfa8011800 JavaThread "main" [_thread_in_native, id=29323, stack(0x00007fcfb1c0f000,0x00007fcfb1d10000)]

Other Threads:
  0x00007fcfa8075800 VMThread [stack: 0x00007fcfad40b000,0x00007fcfad50c000] [id=29324]
  0x00007fcfa80bd800 WatcherThread [stack: 0x00007fcfacb6c000,0x00007fcfacc6d000] [id=29331]

VM state:not at safepoint (normal execution)

VM Mutex/Monitor currently owned by a thread: None

Heap:
 def new generation   total 16192K, used 2493K [0x00000000c0000000, 0x00000000c1190000, 0x00000000d5550000)
  eden space 14400K,  12% used [0x00000000c0000000, 0x00000000c01ce768, 0x00000000c0e10000)
  from space 1792K,  35% used [0x00000000c0fd0000, 0x00000000c1070dc8, 0x00000000c1190000)
  to   space 1792K,   0% used [0x00000000c0e10000, 0x00000000c0e10000, 0x00000000c0fd0000)
 tenured generation   total 35800K, used 27774K [0x00000000d5550000, 0x00000000d7846000, 0x0000000100000000)
   the space 35800K,  77% used [0x00000000d5550000, 0x00000000d706fb78, 0x00000000d706fc00, 0x00000000d7846000)
 Metaspace       used 70562K, capacity 71400K, committed 71512K, reserved 1110016K
  class space    used 10156K, capacity 10324K, committed 10328K, reserved 1048576K

Card table byte_map: [0x00007fcfae0a7000,0x00007fcfae2a8000] byte_map_base: 0x00007fcfadaa7000

Polling page: 0x00007fcfb1d1b000

CodeCache: size=245760Kb used=20536Kb max_used=20536Kb free=225223Kb
 bounds [0x00007fcf99000000, 0x00007fcf9a430000, 0x00007fcfa8000000]
 total_blobs=7337 nmethods=6746 adapters=501
 compilation: enabled

Compilation events (10 events):
Event: 871.676 Thread 0x00007fcfa80b7800 nmethod 7966 0x00007fcf999ffb10 code [0x00007fcf999ffc60, 0x00007fcf999ffdb0]
Event: 871.998 Thread 0x00007fcfa80b7800 7965       2       scala.Tuple2$mcII$sp::_1 (8 bytes)
Event: 877.994 Thread 0x00007fcfa80b7800 nmethod 7965 0x00007fcf99453c10 code [0x00007fcf99453d80, 0x00007fcf99453ee0]
Event: 878.647 Thread 0x00007fcfa80b7800 7951       2       java.util.concurrent.locks.AbstractQueuedSynchronizer$ConditionObject::checkInterruptWhileWaiting (27 bytes)
Event: 887.901 Thread 0x00007fcfa80b7800 nmethod 7951 0x00007fcf999f08d0 code [0x00007fcf999f0a60, 0x00007fcf999f0d30]
Event: 888.004 Thread 0x00007fcfa80b7800 7969       2       scala.Tuple2$mcII$sp::_2 (5 bytes)
Event: 891.333 Thread 0x00007fcfa80b7800 nmethod 7969 0x00007fcf99a277d0 code [0x00007fcf99a27920, 0x00007fcf99a27a70]
Event: 891.655 Thread 0x00007fcfa80b7800 7968       2       scala.Tuple2$mcII$sp::_2 (8 bytes)
Event: 898.782 Thread 0x00007fcfa80b7800 nmethod 7968 0x00007fcf997464d0 code [0x00007fcf99746640, 0x00007fcf997467a0]
Event: 991.022 Thread 0x00007fcfa80b7800 7808       2       org.apache.spark.util.ThreadUtils$::sameThread (5 bytes)

GC Heap History (10 events):
Event: 57.041 GC heap before
{Heap before GC invocations=173 (full 5):
 def new generation   total 16192K, used 14929K [0x00000000c0000000, 0x00000000c1190000, 0x00000000d5550000)
  eden space 14400K, 100% used [0x00000000c0000000, 0x00000000c0e10000, 0x00000000c0e10000)
  from space 1792K,  29% used [0x00000000c0e10000, 0x00000000c0e94670, 0x00000000c0fd0000)
  to   space 1792K,   0% used [0x00000000c0fd0000, 0x00000000c0fd0000, 0x00000000c1190000)
 tenured generation   total 35800K, used 26653K [0x00000000d5550000, 0x00000000d7846000, 0x0000000100000000)
   the space 35800K,  74% used [0x00000000d5550000, 0x00000000d6f577b0, 0x00000000d6f57800, 0x00000000d7846000)
 Metaspace       used 68789K, capacity 69656K, committed 69720K, reserved 1110016K
  class space    used 9882K, capacity 10065K, committed 10072K, reserved 1048576K
Event: 57.046 GC heap after
Heap after GC invocations=174 (full 5):
 def new generation   total 16192K, used 718K [0x00000000c0000000, 0x00000000c1190000, 0x00000000d5550000)
  eden space 14400K,   0% used [0x00000000c0000000, 0x00000000c0000000, 0x00000000c0e10000)
  from space 1792K,  40% used [0x00000000c0fd0000, 0x00000000c10838d8, 0x00000000c1190000)
  to   space 1792K,   0% used [0x00000000c0e10000, 0x00000000c0e10000, 0x00000000c0fd0000)
 tenured generation   total 35800K, used 26653K [0x00000000d5550000, 0x00000000d7846000, 0x0000000100000000)
   the space 35800K,  74% used [0x00000000d5550000, 0x00000000d6f577b0, 0x00000000d6f57800, 0x00000000d7846000)
 Metaspace       used 68789K, capacity 69656K, committed 69720K, reserved 1110016K
  class space    used 9882K, capacity 10065K, committed 10072K, reserved 1048576K
}
Event: 57.238 GC heap before
{Heap before GC invocations=174 (full 5):
 def new generation   total 16192K, used 15118K [0x00000000c0000000, 0x00000000c1190000, 0x00000000d5550000)
  eden space 14400K, 100% used [0x00000000c0000000, 0x00000000c0e10000, 0x00000000c0e10000)
  from space 1792K,  40% used [0x00000000c0fd0000, 0x00000000c10838d8, 0x00000000c1190000)
  to   space 1792K,   0% used [0x00000000c0e10000, 0x00000000c0e10000, 0x00000000c0fd0000)
 tenured generation   total 35800K, used 26653K [0x00000000d5550000, 0x00000000d7846000, 0x0000000100000000)
   the space 35800K,  74% used [0x00000000d5550000, 0x00000000d6f577b0, 0x00000000d6f57800, 0x00000000d7846000)
 Metaspace       used 69423K, capacity 70296K, committed 70360K, reserved 1110016K
  class space    used 9999K, capacity 10193K, committed 10200K, reserved 1048576K
Event: 57.242 GC heap after
Heap after GC invocations=175 (full 5):
 def new generation   total 16192K, used 1166K [0x00000000c0000000, 0x00000000c1190000, 0x00000000d5550000)
  eden space 14400K,   0% used [0x00000000c0000000, 0x00000000c0000000, 0x00000000c0e10000)
  from space 1792K,  65% used [0x00000000c0e10000, 0x00000000c0f33970, 0x00000000c0fd0000)
  to   space 1792K,   0% used [0x00000000c0fd0000, 0x00000000c0fd0000, 0x00000000c1190000)
 tenured generation   total 35800K, used 26653K [0x00000000d5550000, 0x00000000d7846000, 0x0000000100000000)
   the space 35800K,  74% used [0x00000000d5550000, 0x00000000d6f577b0, 0x00000000d6f57800, 0x00000000d7846000)
 Metaspace       used 69423K, capacity 70296K, committed 70360K, reserved 1110016K
  class space    used 9999K, capacity 10193K, committed 10200K, reserved 1048576K
}
Event: 57.617 GC heap before
{Heap before GC invocations=175 (full 5):
 def new generation   total 16192K, used 15566K [0x00000000c0000000, 0x00000000c1190000, 0x00000000d5550000)
  eden space 14400K, 100% used [0x00000000c0000000, 0x00000000c0e10000, 0x00000000c0e10000)
  from space 1792K,  65% used [0x00000000c0e10000, 0x00000000c0f33970, 0x00000000c0fd0000)
  to   space 1792K,   0% used [0x00000000c0fd0000, 0x00000000c0fd0000, 0x00000000c1190000)
 tenured generation   total 35800K, used 26653K [0x00000000d5550000, 0x00000000d7846000, 0x0000000100000000)
   the space 35800K,  74% used [0x00000000d5550000, 0x00000000d6f577b0, 0x00000000d6f57800, 0x00000000d7846000)
 Metaspace       used 70317K, capacity 71160K, committed 71256K, reserved 1110016K
  class space    used 10106K, capacity 10289K, committed 10328K, reserved 1048576K
Event: 57.623 GC heap after
Heap after GC invocations=176 (full 5):
 def new generation   total 16192K, used 1016K [0x00000000c0000000, 0x00000000c1190000, 0x00000000d5550000)
  eden space 14400K,   0% used [0x00000000c0000000, 0x00000000c0000000, 0x00000000c0e10000)
  from space 1792K,  56% used [0x00000000c0fd0000, 0x00000000c10ce248, 0x00000000c1190000)
  to   space 1792K,   0% used [0x00000000c0e10000, 0x00000000c0e10000, 0x00000000c0fd0000)
 tenured generation   total 35800K, used 27253K [0x00000000d5550000, 0x00000000d7846000, 0x0000000100000000)
   the space 35800K,  76% used [0x00000000d5550000, 0x00000000d6fed6f8, 0x00000000d6fed800, 0x00000000d7846000)
 Metaspace       used 70317K, capacity 71160K, committed 71256K, reserved 1110016K
  class space    used 10106K, capacity 10289K, committed 10328K, reserved 1048576K
}
Event: 690.100 GC heap before
{Heap before GC invocations=176 (full 5):
 def new generation   total 16192K, used 12997K [0x00000000c0000000, 0x00000000c1190000, 0x00000000d5550000)
  eden space 14400K,  83% used [0x00000000c0000000, 0x00000000c0bb3348, 0x00000000c0e10000)
  from space 1792K,  56% used [0x00000000c0fd0000, 0x00000000c10ce248, 0x00000000c1190000)
  to   space 1792K,   0% used [0x00000000c0e10000, 0x00000000c0e10000, 0x00000000c0fd0000)
 tenured generation   total 35800K, used 27253K [0x00000000d5550000, 0x00000000d7846000, 0x0000000100000000)
   the space 35800K,  76% used [0x00000000d5550000, 0x00000000d6fed6f8, 0x00000000d6fed800, 0x00000000d7846000)
 Metaspace       used 70531K, capacity 71390K, committed 71512K, reserved 1110016K
  class space    used 10152K, capacity 10323K, committed 10328K, reserved 1048576K
Event: 697.739 GC heap after
Heap after GC invocations=177 (full 5):
 def new generation   total 16192K, used 427K [0x00000000c0000000, 0x00000000c1190000, 0x00000000d5550000)
  eden space 14400K,   0% used [0x00000000c0000000, 0x00000000c0000000, 0x00000000c0e10000)
  from space 1792K,  23% used [0x00000000c0e10000, 0x00000000c0e7adc0, 0x00000000c0fd0000)
  to   space 1792K,   0% used [0x00000000c0fd0000, 0x00000000c0fd0000, 0x00000000c1190000)
 tenured generation   total 35800K, used 27774K [0x00000000d5550000, 0x00000000d7846000, 0x0000000100000000)
   the space 35800K,  77% used [0x00000000d5550000, 0x00000000d706fb78, 0x00000000d706fc00, 0x00000000d7846000)
 Metaspace       used 70531K, capacity 71390K, committed 71512K, reserved 1110016K
  class space    used 10152K, capacity 10323K, committed 10328K, reserved 1048576K
}
Event: 899.731 GC heap before
{Heap before GC invocations=177 (full 5):
 def new generation   total 16192K, used 14809K [0x00000000c0000000, 0x00000000c1190000, 0x00000000d5550000)
  eden space 14400K,  99% used [0x00000000c0000000, 0x00000000c0e0b6f0, 0x00000000c0e10000)
  from space 1792K,  23% used [0x00000000c0e10000, 0x00000000c0e7adc0, 0x00000000c0fd0000)
  to   space 1792K,   0% used [0x00000000c0fd0000, 0x00000000c0fd0000, 0x00000000c1190000)
 tenured generation   total 35800K, used 27774K [0x00000000d5550000, 0x00000000d7846000, 0x0000000100000000)
   the space 35800K,  77% used [0x00000000d5550000, 0x00000000d706fb78, 0x00000000d706fc00, 0x00000000d7846000)
 Metaspace       used 70559K, capacity 71400K, committed 71512K, reserved 1110016K
  class space    used 10156K, capacity 10324K, committed 10328K, reserved 1048576K
Event: 989.870 GC heap after
Heap after GC invocations=178 (full 5):
 def new generation   total 16192K, used 643K [0x00000000c0000000, 0x00000000c1190000, 0x00000000d5550000)
  eden space 14400K,   0% used [0x00000000c0000000, 0x00000000c0000000, 0x00000000c0e10000)
  from space 1792K,  35% used [0x00000000c0fd0000, 0x00000000c1070dc8, 0x00000000c1190000)
  to   space 1792K,   0% used [0x00000000c0e10000, 0x00000000c0e10000, 0x00000000c0fd0000)
 tenured generation   total 35800K, used 27774K [0x00000000d5550000, 0x00000000d7846000, 0x0000000100000000)
   the space 35800K,  77% used [0x00000000d5550000, 0x00000000d706fb78, 0x00000000d706fc00, 0x00000000d7846000)
 Metaspace       used 70559K, capacity 71400K, committed 71512K, reserved 1110016K
  class space    used 10156K, capacity 10324K, committed 10328K, reserved 1048576K
}

Deoptimization events (10 events):
Event: 57.608 Thread 0x00007fcf7c3d2800 Uncommon trap: reason=bimorphic action=maybe_recompile pc=0x00007fcf99da45dc method=scala.collection.immutable.Set$Set1.foreach(Lscala/Function1;)V @ 5
Event: 114.496 Thread 0x00007fcf7c3d2800 Uncommon trap: reason=bimorphic action=maybe_recompile pc=0x00007fcf99da45dc method=scala.collection.immutable.Set$Set1.foreach(Lscala/Function1;)V @ 5
Event: 118.657 Thread 0x00007fcf84006000 Uncommon trap: reason=unstable_if action=reinterpret pc=0x00007fcf997a7178 method=java.util.concurrent.locks.ReentrantLock$Sync.nonfairTryAcquire(I)Z @ 34
Event: 151.779 Thread 0x00007fcf7c3d2800 Uncommon trap: reason=bimorphic action=maybe_recompile pc=0x00007fcf99da45dc method=scala.collection.immutable.Set$Set1.foreach(Lscala/Function1;)V @ 5
Event: 496.135 Thread 0x00007fcf7c3d2800 Uncommon trap: reason=class_check action=maybe_recompile pc=0x00007fcf9a0f962c method=scala.StringContext.checkLengths(Lscala/collection/Seq;)V @ 10
Event: 508.386 Thread 0x00007fcf7c3d2800 Uncommon trap: reason=class_check action=maybe_recompile pc=0x00007fcf9a0f962c method=scala.StringContext.checkLengths(Lscala/collection/Seq;)V @ 10
Event: 892.888 Thread 0x0000000000b23800 Uncommon trap: reason=class_check action=maybe_recompile pc=0x00007fcf99dc9070 method=java.util.regex.Pattern$Curly.match0(Ljava/util/regex/Matcher;IILjava/lang/CharSequence;)Z @ 170
Event: 893.409 Thread 0x00007fcf888ac000 Uncommon trap: reason=class_check action=maybe_recompile pc=0x00007fcf99dc9070 method=java.util.regex.Pattern$Curly.match0(Ljava/util/regex/Matcher;IILjava/lang/CharSequence;)Z @ 170
Event: 894.151 Thread 0x00007fcf888ac000 Uncommon trap: reason=class_check action=maybe_recompile pc=0x00007fcf99dc9070 method=java.util.regex.Pattern$Curly.match0(Ljava/util/regex/Matcher;IILjava/lang/CharSequence;)Z @ 170
Event: 894.151 Thread 0x0000000000b23800 Uncommon trap: reason=class_check action=maybe_recompile pc=0x00007fcf99dc9070 method=java.util.regex.Pattern$Curly.match0(Ljava/util/regex/Matcher;IILjava/lang/CharSequence;)Z @ 170

Classes redefined (0 events):
No events

Internal exceptions (10 events):
Event: 35.706 Thread 0x00007fcf8864a000 Exception <a 'java/lang/NoSuchMethodError': <clinit>> (0x00000000c099b3d0) thrown at [/build/openjdk-8-pREaNj/openjdk-8-8u181-b13/src/hotspot/src/share/vm/prims/jni.cpp, line 1613]
Event: 37.135 Thread 0x00007fcf8c02b800 Exception <a 'java/lang/NoSuchMethodError': <clinit>> (0x00000000c0587aa8) thrown at [/build/openjdk-8-pREaNj/openjdk-8-8u181-b13/src/hotspot/src/share/vm/prims/jni.cpp, line 1613]
Event: 37.163 Thread 0x00007fcf8889e800 Exception <a 'java/lang/NoSuchMethodError': <clinit>> (0x00000000c07e6d00) thrown at [/build/openjdk-8-pREaNj/openjdk-8-8u181-b13/src/hotspot/src/share/vm/prims/jni.cpp, line 1613]
Event: 37.164 Thread 0x00007fcf8889e800 Exception <a 'java/lang/NoSuchMethodError': <clinit>> (0x00000000c07f78f0) thrown at [/build/openjdk-8-pREaNj/openjdk-8-8u181-b13/src/hotspot/src/share/vm/prims/jni.cpp, line 1613]
Event: 37.176 Thread 0x00007fcf8889e800 Exception <a 'java/lang/NoSuchMethodError': <clinit>> (0x00000000c0870940) thrown at [/build/openjdk-8-pREaNj/openjdk-8-8u181-b13/src/hotspot/src/share/vm/prims/jni.cpp, line 1613]
Event: 37.176 Thread 0x00007fcf8889e800 Exception <a 'java/lang/NoSuchMethodError': <clinit>> (0x00000000c087e3f8) thrown at [/build/openjdk-8-pREaNj/openjdk-8-8u181-b13/src/hotspot/src/share/vm/prims/jni.cpp, line 1613]
Event: 37.177 Thread 0x00007fcf8889e800 Exception <a 'java/lang/NoSuchMethodError': <clinit>> (0x00000000c0896e98) thrown at [/build/openjdk-8-pREaNj/openjdk-8-8u181-b13/src/hotspot/src/share/vm/prims/jni.cpp, line 1613]
Event: 37.200 Thread 0x00007fcf8864a000 Exception <a 'java/lang/NoSuchMethodError': <clinit>> (0x00000000c04aeff0) thrown at [/build/openjdk-8-pREaNj/openjdk-8-8u181-b13/src/hotspot/src/share/vm/prims/jni.cpp, line 1613]
Event: 37.703 Thread 0x00007fcf8c02b800 Implicit null exception at 0x00007fcf99e443cb to 0x00007fcf99e445d5
Event: 57.083 Thread 0x00007fcf7c3d2800 Implicit null exception at 0x00007fcf99b4cb6e to 0x00007fcf99b4dcb1

Events (10 events):
Event: 898.856 Executing VM operation: GenCollectForAllocation
Event: 898.856 loading class org/apache/spark/rpc/netty/NettyRpcEnv$$anonfun$org$apache$spark$rpc$netty$NettyRpcEnv$$onFailure$1$1
Event: 898.938 loading class org/apache/spark/rpc/netty/NettyRpcEnv$$anonfun$org$apache$spark$rpc$netty$NettyRpcEnv$$onFailure$1$1 done
Event: 990.845 Executing VM operation: GenCollectForAllocation done
Event: 991.708 Executing VM operation: RevokeBias
Event: 994.534 Executing VM operation: RevokeBias done
Event: 997.812 loading class org/apache/spark/rpc/RpcEndpointRef$$anonfun$askWithRetry$1
Event: 997.824 loading class org/apache/spark/rpc/RpcEndpointRef$$anonfun$askWithRetry$1 done
Event: 998.620 loading class org/apache/spark/executor/TaskMetrics$$anonfun$fromAccumulatorInfos$1
Event: 998.656 loading class org/apache/spark/executor/TaskMetrics$$anonfun$fromAccumulatorInfos$1 done


Dynamic libraries:
00400000-00401000 r-xp 00000000 ca:01 256949                             /usr/lib/jvm/java-8-openjdk-amd64/jre/bin/java
00600000-00601000 r--p 00000000 ca:01 256949                             /usr/lib/jvm/java-8-openjdk-amd64/jre/bin/java
00601000-00602000 rw-p 00001000 ca:01 256949                             /usr/lib/jvm/java-8-openjdk-amd64/jre/bin/java
00b06000-00b6a000 rw-p 00000000 00:00 0                                  [heap]
c0000000-c1190000 rw-p 00000000 00:00 0 
c1190000-d5550000 ---p 00000000 00:00 0 
d5550000-d7846000 rw-p 00000000 00:00 0 
d7846000-100000000 ---p 00000000 00:00 0 
100000000-100a16000 rw-p 00000000 00:00 0 
100a36000-140000000 ---p 00000000 00:00 0 
7fcf72e4c000-7fcf7300c000 rw-p 00000000 00:00 0 
7fcf7300c000-7fcf7304c000 ---p 00000000 00:00 0 
7fcf7304c000-7fcf7324c000 rw-p 00000000 00:00 0 
7fcf7324c000-7fcf7344c000 rw-p 00000000 00:00 0 
7fcf7344c000-7fcf7344f000 ---p 00000000 00:00 0 
7fcf7344f000-7fcf7354d000 rw-p 00000000 00:00 0 
7fcf7354d000-7fcf73550000 ---p 00000000 00:00 0 
7fcf73550000-7fcf7384e000 rw-p 00000000 00:00 0 
7fcf7384e000-7fcf73a4e000 rw-p 00000000 00:00 0 
7fcf73a4e000-7fcf73c4e000 rw-p 00000000 00:00 0 
7fcf73c4e000-7fcf73e4e000 rw-p 00000000 00:00 0 
7fcf73e4e000-7fcf7404e000 rw-p 00000000 00:00 0 
7fcf7404e000-7fcf7424e000 rw-p 00000000 00:00 0 
7fcf7424e000-7fcf7444e000 rw-p 00000000 00:00 0 
7fcf7444e000-7fcf7464e000 rw-p 00000000 00:00 0 
7fcf7464e000-7fcf7484e000 rw-p 00000000 00:00 0 
7fcf7484e000-7fcf74851000 ---p 00000000 00:00 0 
7fcf74851000-7fcf7494f000 rw-p 00000000 00:00 0 
7fcf7494f000-7fcf74952000 ---p 00000000 00:00 0 
7fcf74952000-7fcf74a50000 rw-p 00000000 00:00 0 
7fcf74a50000-7fcf74a53000 ---p 00000000 00:00 0 
7fcf74a53000-7fcf74b51000 rw-p 00000000 00:00 0 
7fcf74b51000-7fcf74b54000 ---p 00000000 00:00 0 
7fcf74b54000-7fcf74c52000 rw-p 00000000 00:00 0 
7fcf74c52000-7fcf74c55000 ---p 00000000 00:00 0 
7fcf74c55000-7fcf74d53000 rw-p 00000000 00:00 0 
7fcf74d53000-7fcf74d56000 ---p 00000000 00:00 0 
7fcf74d56000-7fcf75054000 rw-p 00000000 00:00 0 
7fcf75054000-7fcf75057000 ---p 00000000 00:00 0 
7fcf75057000-7fcf75355000 rw-p 00000000 00:00 0 
7fcf75355000-7fcf75362000 r-xp 00000000 ca:01 2107                       /tmp/liblz4-java2869536163208434727.so
7fcf75362000-7fcf75561000 ---p 0000d000 ca:01 2107                       /tmp/liblz4-java2869536163208434727.so
7fcf75561000-7fcf75562000 rw-p 0000c000 ca:01 2107                       /tmp/liblz4-java2869536163208434727.so
7fcf75562000-7fcf75762000 rw-p 00000000 00:00 0 
7fcf75762000-7fcf75765000 ---p 00000000 00:00 0 
7fcf75765000-7fcf75863000 rw-p 00000000 00:00 0 
7fcf758c3000-7fcf758c6000 ---p 00000000 00:00 0 
7fcf758c6000-7fcf75bc4000 rw-p 00000000 00:00 0 
7fcf75bc4000-7fcf75dc4000 rw-p 00000000 00:00 0 
7fcf75dc4000-7fcf75fc4000 rw-p 00000000 00:00 0 
7fcf760ab000-7fcf760ae000 ---p 00000000 00:00 0 
7fcf760ae000-7fcf761ac000 rw-p 00000000 00:00 0 
7fcf761ac000-7fcf761af000 ---p 00000000 00:00 0 
7fcf761af000-7fcf762ad000 rw-p 00000000 00:00 0 
7fcf762ad000-7fcf762b0000 ---p 00000000 00:00 0 
7fcf762b0000-7fcf765ae000 rw-p 00000000 00:00 0 
7fcf765ae000-7fcf765b1000 ---p 00000000 00:00 0 
7fcf765b1000-7fcf766af000 rw-p 00000000 00:00 0 
7fcf766af000-7fcf766b2000 ---p 00000000 00:00 0 
7fcf766b2000-7fcf767b0000 rw-p 00000000 00:00 0 
7fcf767b0000-7fcf767b3000 ---p 00000000 00:00 0 
7fcf767b3000-7fcf768b1000 rw-p 00000000 00:00 0 
7fcf768b1000-7fcf768b4000 ---p 00000000 00:00 0 
7fcf768b4000-7fcf769b2000 rw-p 00000000 00:00 0 
7fcf769b2000-7fcf769b5000 ---p 00000000 00:00 0 
7fcf769b5000-7fcf76ab3000 rw-p 00000000 00:00 0 
7fcf76ab3000-7fcf76ab6000 ---p 00000000 00:00 0 
7fcf76ab6000-7fcf76bb4000 rw-p 00000000 00:00 0 
7fcf76bb4000-7fcf76bb7000 ---p 00000000 00:00 0 
7fcf76bb7000-7fcf76cb5000 rw-p 00000000 00:00 0 
7fcf76cb5000-7fcf76cb8000 ---p 00000000 00:00 0 
7fcf76cb8000-7fcf76db6000 rw-p 00000000 00:00 0 
7fcf76db6000-7fcf76db9000 ---p 00000000 00:00 0 
7fcf76db9000-7fcf76eb7000 rw-p 00000000 00:00 0 
7fcf76eb7000-7fcf76eba000 ---p 00000000 00:00 0 
7fcf76eba000-7fcf76fb8000 rw-p 00000000 00:00 0 
7fcf76fb8000-7fcf76fbb000 ---p 00000000 00:00 0 
7fcf76fbb000-7fcf770b9000 rw-p 00000000 00:00 0 
7fcf770b9000-7fcf770bc000 ---p 00000000 00:00 0 
7fcf770bc000-7fcf771ba000 rw-p 00000000 00:00 0 
7fcf771ba000-7fcf771bd000 ---p 00000000 00:00 0 
7fcf771bd000-7fcf772bb000 rw-p 00000000 00:00 0 
7fcf772bb000-7fcf772be000 ---p 00000000 00:00 0 
7fcf772be000-7fcf775bc000 rw-p 00000000 00:00 0 
7fcf775bc000-7fcf775bf000 ---p 00000000 00:00 0 
7fcf775bf000-7fcf778bd000 rw-p 00000000 00:00 0 
7fcf778bd000-7fcf778c0000 ---p 00000000 00:00 0 
7fcf778c0000-7fcf779be000 rw-p 00000000 00:00 0 
7fcf779be000-7fcf779c1000 ---p 00000000 00:00 0 
7fcf779c1000-7fcf77abf000 rw-p 00000000 00:00 0 
7fcf77abf000-7fcf77ac2000 ---p 00000000 00:00 0 
7fcf77ac2000-7fcf77bc0000 rw-p 00000000 00:00 0 
7fcf77bc0000-7fcf77bc3000 ---p 00000000 00:00 0 
7fcf77bc3000-7fcf77cc1000 rw-p 00000000 00:00 0 
7fcf77cc1000-7fcf77cc4000 ---p 00000000 00:00 0 
7fcf77cc4000-7fcf77dc2000 rw-p 00000000 00:00 0 
7fcf77dc2000-7fcf77dc5000 ---p 00000000 00:00 0 
7fcf77dc5000-7fcf77ec3000 rw-p 00000000 00:00 0 
7fcf77ec3000-7fcf77ec6000 ---p 00000000 00:00 0 
7fcf77ec6000-7fcf77fc4000 rw-p 00000000 00:00 0 
7fcf77fc4000-7fcf77fc7000 ---p 00000000 00:00 0 
7fcf77fc7000-7fcf780c5000 rw-p 00000000 00:00 0 
7fcf780c5000-7fcf780c8000 ---p 00000000 00:00 0 
7fcf780c8000-7fcf781c6000 rw-p 00000000 00:00 0 
7fcf781c6000-7fcf781d7000 r-xp 00000000 ca:01 256909                     /usr/lib/jvm/java-8-openjdk-amd64/jre/lib/amd64/libnio.so
7fcf781d7000-7fcf783d7000 ---p 00011000 ca:01 256909                     /usr/lib/jvm/java-8-openjdk-amd64/jre/lib/amd64/libnio.so
7fcf783d7000-7fcf783d8000 r--p 00011000 ca:01 256909                     /usr/lib/jvm/java-8-openjdk-amd64/jre/lib/amd64/libnio.so
7fcf783d8000-7fcf783d9000 rw-p 00012000 ca:01 256909                     /usr/lib/jvm/java-8-openjdk-amd64/jre/lib/amd64/libnio.so
7fcf783d9000-7fcf785d9000 rw-p 00000000 00:00 0 
7fcf785d9000-7fcf785dc000 ---p 00000000 00:00 0 
7fcf785dc000-7fcf788da000 rw-p 00000000 00:00 0 
7fcf788da000-7fcf788f1000 r-xp 00000000 ca:01 1984                       /lib/x86_64-linux-gnu/libresolv-2.23.so
7fcf788f1000-7fcf78af1000 ---p 00017000 ca:01 1984                       /lib/x86_64-linux-gnu/libresolv-2.23.so
7fcf78af1000-7fcf78af2000 r--p 00017000 ca:01 1984                       /lib/x86_64-linux-gnu/libresolv-2.23.so
7fcf78af2000-7fcf78af3000 rw-p 00018000 ca:01 1984                       /lib/x86_64-linux-gnu/libresolv-2.23.so
7fcf78af3000-7fcf78af5000 rw-p 00000000 00:00 0 
7fcf78af5000-7fcf78afa000 r-xp 00000000 ca:01 1990                       /lib/x86_64-linux-gnu/libnss_dns-2.23.so
7fcf78afa000-7fcf78cfa000 ---p 00005000 ca:01 1990                       /lib/x86_64-linux-gnu/libnss_dns-2.23.so
7fcf78cfa000-7fcf78cfb000 r--p 00005000 ca:01 1990                       /lib/x86_64-linux-gnu/libnss_dns-2.23.so
7fcf78cfb000-7fcf78cfc000 rw-p 00006000 ca:01 1990                       /lib/x86_64-linux-gnu/libnss_dns-2.23.so
7fcf78cfc000-7fcf78cfd000 r-xp 00000000 ca:01 256908                     /usr/lib/jvm/java-8-openjdk-amd64/jre/lib/amd64/libjaas_unix.so
7fcf78cfd000-7fcf78efc000 ---p 00001000 ca:01 256908                     /usr/lib/jvm/java-8-openjdk-amd64/jre/lib/amd64/libjaas_unix.so
7fcf78efc000-7fcf78efd000 r--p 00000000 ca:01 256908                     /usr/lib/jvm/java-8-openjdk-amd64/jre/lib/amd64/libjaas_unix.so
7fcf78efd000-7fcf78efe000 rw-p 00001000 ca:01 256908                     /usr/lib/jvm/java-8-openjdk-amd64/jre/lib/amd64/libjaas_unix.so
7fcf78efe000-7fcf78f01000 ---p 00000000 00:00 0 
7fcf78f01000-7fcf7c000000 rw-p 00000000 00:00 0 
7fcf7c000000-7fcf7cbfe000 rw-p 00000000 00:00 0 
7fcf7cbfe000-7fcf80000000 ---p 00000000 00:00 0 
7fcf80000000-7fcf8014e000 rw-p 00000000 00:00 0 
7fcf8014e000-7fcf84000000 ---p 00000000 00:00 0 
7fcf84000000-7fcf84021000 rw-p 00000000 00:00 0 
7fcf84021000-7fcf88000000 ---p 00000000 00:00 0 
7fcf88000000-7fcf8af13000 rw-p 00000000 00:00 0 
7fcf8af13000-7fcf8c000000 ---p 00000000 00:00 0 
7fcf8c000000-7fcf8c05c000 rw-p 00000000 00:00 0 
7fcf8c05c000-7fcf90000000 ---p 00000000 00:00 0 
7fcf90000000-7fcf90021000 rw-p 00000000 00:00 0 
7fcf90021000-7fcf94000000 ---p 00000000 00:00 0 
7fcf94000000-7fcf941a2000 rw-p 00000000 00:00 0 
7fcf941a2000-7fcf98000000 ---p 00000000 00:00 0 
7fcf98017000-7fcf98019000 r--s 00016000 ca:01 256882                     /usr/lib/jvm/java-8-openjdk-amd64/jre/lib/jce.jar
7fcf98019000-7fcf9801e000 r--s 0009d000 ca:01 256862                     /usr/lib/jvm/java-8-openjdk-amd64/jre/lib/jsse.jar
7fcf9801e000-7fcf98031000 r--s 00346000 ca:01 256864                     /usr/lib/jvm/java-8-openjdk-amd64/jre/lib/resources.jar
7fcf98031000-7fcf98034000 ---p 00000000 00:00 0 
7fcf98034000-7fcf9826a000 rw-p 00000000 00:00 0 
7fcf9826a000-7fcf9846a000 rw-p 00000000 00:00 0 
7fcf9846a000-7fcf98473000 r-xp 00000000 ca:01 256894                     /usr/lib/jvm/java-8-openjdk-amd64/jre/lib/amd64/libmanagement.so
7fcf98473000-7fcf98672000 ---p 00009000 ca:01 256894                     /usr/lib/jvm/java-8-openjdk-amd64/jre/lib/amd64/libmanagement.so
7fcf98672000-7fcf98673000 r--p 00008000 ca:01 256894                     /usr/lib/jvm/java-8-openjdk-amd64/jre/lib/amd64/libmanagement.so
7fcf98673000-7fcf98674000 rw-p 00009000 ca:01 256894                     /usr/lib/jvm/java-8-openjdk-amd64/jre/lib/amd64/libmanagement.so
7fcf98674000-7fcf98677000 ---p 00000000 00:00 0 
7fcf98677000-7fcf98775000 rw-p 00000000 00:00 0 
7fcf98775000-7fcf98778000 ---p 00000000 00:00 0 
7fcf98778000-7fcf98876000 rw-p 00000000 00:00 0 
7fcf98876000-7fcf98879000 ---p 00000000 00:00 0 
7fcf98879000-7fcf98b77000 rw-p 00000000 00:00 0 
7fcf98b77000-7fcf98b8e000 r-xp 00000000 ca:01 256888                     /usr/lib/jvm/java-8-openjdk-amd64/jre/lib/amd64/libnet.so
7fcf98b8e000-7fcf98d8d000 ---p 00017000 ca:01 256888                     /usr/lib/jvm/java-8-openjdk-amd64/jre/lib/amd64/libnet.so
7fcf98d8d000-7fcf98d8e000 r--p 00016000 ca:01 256888                     /usr/lib/jvm/java-8-openjdk-amd64/jre/lib/amd64/libnet.so
7fcf98d8e000-7fcf98d8f000 rw-p 00017000 ca:01 256888                     /usr/lib/jvm/java-8-openjdk-amd64/jre/lib/amd64/libnet.so
7fcf98d8f000-7fcf98d92000 r--s 00015000 ca:01 261533                     /home/ubuntu/spark-2.1.1-bin-hadoop2.7/jars/javax.servlet-api-3.1.0.jar
7fcf98d92000-7fcf98dbe000 r--s 001c9000 ca:01 261798                     /home/ubuntu/spark-2.1.1-bin-hadoop2.7/jars/shapeless_2.11-2.0.0.jar
7fcf98dbe000-7fcf98dc9000 r--s 000b0000 ca:01 261731                     /home/ubuntu/spark-2.1.1-bin-hadoop2.7/jars/jtransforms-2.4.0.jar
7fcf98dc9000-7fcf98dcf000 r--s 00043000 ca:01 261858                     /home/ubuntu/spark-2.1.1-bin-hadoop2.7/jars/commons-configuration-1.6.jar
7fcf98dcf000-7fcf98dd3000 r--s 00019000 ca:01 261784                     /home/ubuntu/spark-2.1.1-bin-hadoop2.7/jars/javax.ws.rs-api-2.0.1.jar
7fcf98dd3000-7fcf98dd5000 r--s 00009000 ca:01 261839                     /home/ubuntu/spark-2.1.1-bin-hadoop2.7/jars/commons-cli-1.2.jar
7fcf98dd5000-7fcf98ddf000 r--s 00095000 ca:01 261728                     /home/ubuntu/spark-2.1.1-bin-hadoop2.7/jars/scala-xml_2.11-1.0.2.jar
7fcf98ddf000-7fcf98de4000 r--s 00031000 ca:01 261744                     /home/ubuntu/spark-2.1.1-bin-hadoop2.7/jars/parquet-hadoop-1.8.1.jar
7fcf98de4000-7fcf98de8000 r--s 00020000 ca:01 261720                     /home/ubuntu/spark-2.1.1-bin-hadoop2.7/jars/commons-digester-1.8.jar
7fcf98de8000-7fcf98dea000 r--s 00027000 ca:01 261790                     /home/ubuntu/spark-2.1.1-bin-hadoop2.7/jars/core-1.1.2.jar
7fcf98dea000-7fcf98e01000 r--s 00183000 ca:01 261753                     /home/ubuntu/spark-2.1.1-bin-hadoop2.7/jars/hadoop-yarn-common-2.7.3.jar
7fcf98e01000-7fcf98e02000 r--s 00004000 ca:01 261711                     /home/ubuntu/spark-2.1.1-bin-hadoop2.7/jars/eigenbase-properties-1.1.5.jar
7fcf98e02000-7fcf98e08000 r--s 00044000 ca:01 261763                     /home/ubuntu/spark-2.1.1-bin-hadoop2.7/jars/antlr4-runtime-4.5.3.jar
7fcf98e08000-7fcf98e0a000 r--s 0000b000 ca:01 261840                     /home/ubuntu/spark-2.1.1-bin-hadoop2.7/jars/chill-java-0.8.0.jar
7fcf98e0a000-7fcf98e14000 r--s 00086000 ca:01 261718                     /home/ubuntu/spark-2.1.1-bin-hadoop2.7/jars/json4s-core_2.11-3.2.11.jar
7fcf98e14000-7fcf98e16000 r--s 0000f000 ca:01 261566                     /home/ubuntu/spark-2.1.1-bin-hadoop2.7/jars/activation-1.1.1.jar
7fcf98e16000-7fcf98e1a000 r--s 00031000 ca:01 261583                     /home/ubuntu/spark-2.1.1-bin-hadoop2.7/jars/jline-2.12.1.jar
7fcf98e1a000-7fcf98e20000 r--s 00028000 ca:01 261745                     /home/ubuntu/spark-2.1.1-bin-hadoop2.7/jars/curator-framework-2.6.0.jar
7fcf98e20000-7fcf98e2d000 r--s 000b1000 ca:01 261545                     /home/ubuntu/spark-2.1.1-bin-hadoop2.7/jars/hadoop-mapreduce-client-common-2.7.3.jar
7fcf98e2d000-7fcf98e2f000 r--s 00009000 ca:01 261758                     /home/ubuntu/spark-2.1.1-bin-hadoop2.7/jars/jackson-module-paranamer-2.6.5.jar
7fcf98e2f000-7fcf98e30000 r--s 00009000 ca:01 261845                     /home/ubuntu/spark-2.1.1-bin-hadoop2.7/jars/slf4j-api-1.7.16.jar
7fcf98e30000-7fcf98e31000 r--s 00004000 ca:01 261710                     /home/ubuntu/spark-2.1.1-bin-hadoop2.7/jars/jackson-jaxrs-1.9.13.jar
7fcf98e31000-7fcf98e33000 r--s 00012000 ca:01 261803                     /home/ubuntu/spark-2.1.1-bin-hadoop2.7/jars/api-util-1.0.0-M20.jar
7fcf98e33000-7fcf98e3b000 r--s 00066000 ca:01 261732                     /home/ubuntu/spark-2.1.1-bin-hadoop2.7/jars/apache-log4j-extras-1.2.17.jar
7fcf98e3b000-7fcf98e3d000 r--s 00004000 ca:01 261587                     /home/ubuntu/spark-2.1.1-bin-hadoop2.7/jars/stax-api-1.0-2.jar
7fcf98e3d000-7fcf98e4b000 r--s 00078000 ca:01 261756                     /home/ubuntu/spark-2.1.1-bin-hadoop2.7/jars/spark-mesos_2.11-2.1.1.jar
7fcf98e4b000-7fcf98e79000 r--s 00212000 ca:01 261712                     /home/ubuntu/spark-2.1.1-bin-hadoop2.7/jars/spark-network-common_2.11-2.1.1.jar
7fcf98e79000-7fcf98e81000 r--s 0006e000 ca:01 261765                     /home/ubuntu/spark-2.1.1-bin-hadoop2.7/jars/commons-lang3-3.5.jar
7fcf98e81000-7fcf98e97000 r--s 001a4000 ca:01 261613                     /home/ubuntu/spark-2.1.1-bin-hadoop2.7/jars/datanucleus-rdbms-3.2.9.jar
7fcf98e97000-7fcf98ebb000 r--s 001cd000 ca:01 261855                     /home/ubuntu/spark-2.1.1-bin-hadoop2.7/jars/commons-math3-3.4.1.jar
7fcf98ebb000-7fcf98f2f000 r--s 00574000 ca:01 261739                     /home/ubuntu/spark-2.1.1-bin-hadoop2.7/jars/spark-mllib_2.11-2.1.1.jar
7fcf98f2f000-7fcf98f34000 r--s 0002a000 ca:01 261576                     /home/ubuntu/spark-2.1.1-bin-hadoop2.7/jars/commons-beanutils-1.7.0.jar
7fcf98f34000-7fcf98f36000 r--s 00006000 ca:01 261588                     /home/ubuntu/spark-2.1.1-bin-hadoop2.7/jars/paranamer-2.3.jar
7fcf98f36000-7fcf98f37000 r--s 00009000 ca:01 261830                     /home/ubuntu/spark-2.1.1-bin-hadoop2.7/jars/hive-cli-1.2.1.spark2.jar
7fcf98f37000-7fcf98f48000 r--s 0010d000 ca:01 261714                     /home/ubuntu/spark-2.1.1-bin-hadoop2.7/jars/jackson-databind-2.6.5.jar
7fcf98f48000-7fcf98f4a000 r--s 0000a000 ca:01 261612                     /home/ubuntu/spark-2.1.1-bin-hadoop2.7/jars/spark-unsafe_2.11-2.1.1.jar
7fcf98f4a000-7fcf98f4e000 r--s 0002a000 ca:01 261747                     /home/ubuntu/spark-2.1.1-bin-hadoop2.7/jars/commons-io-2.4.jar
7fcf98f4e000-7fcf98f56000 r--s 00059000 ca:01 261611                     /home/ubuntu/spark-2.1.1-bin-hadoop2.7/jars/javolution-5.5.1.jar
7fcf98f56000-7fcf98f57000 r--s 00003000 ca:01 261568                     /home/ubuntu/spark-2.1.1-bin-hadoop2.7/jars/jta-1.1.jar
7fcf98f57000-7fcf98f5a000 r--s 00009000 ca:01 261751                     /home/ubuntu/spark-2.1.1-bin-hadoop2.7/jars/jackson-annotations-2.6.5.jar
7fcf98f5a000-7fcf98f75000 r--s 001d8000 ca:01 261572                     /home/ubuntu/spark-2.1.1-bin-hadoop2.7/jars/jets3t-0.9.3.jar
7fcf98f75000-7fcf99000000 r--s 0069e000 ca:01 261713                     /home/ubuntu/spark-2.1.1-bin-hadoop2.7/jars/spark-catalyst_2.11-2.1.1.jar
7fcf99000000-7fcf9a430000 rwxp 00000000 00:00 0 
7fcf9a430000-7fcfa8000000 ---p 00000000 00:00 0 
7fcfa8000000-7fcfa8d8a000 rw-p 00000000 00:00 0 
7fcfa8d8a000-7fcfac000000 ---p 00000000 00:00 0 
7fcfac000000-7fcfac004000 r--s 0002c000 ca:01 261748                     /home/ubuntu/spark-2.1.1-bin-hadoop2.7/jars/avro-ipc-1.7.7.jar
7fcfac004000-7fcfac005000 r--s 00003000 ca:01 261594                     /home/ubuntu/spark-2.1.1-bin-hadoop2.7/jars/xmlenc-0.52.jar
7fcfac005000-7fcfac022000 r--s 001d5000 ca:01 261860                     /home/ubuntu/spark-2.1.1-bin-hadoop2.7/jars/hadoop-yarn-api-2.7.3.jar
7fcfac022000-7fcfac023000 r--s 00004000 ca:01 261716                     /home/ubuntu/spark-2.1.1-bin-hadoop2.7/jars/opencsv-2.3.jar
7fcfac023000-7fcfac027000 r--s 00014000 ca:01 261856                     /home/ubuntu/spark-2.1.1-bin-hadoop2.7/jars/xz-1.0.jar
7fcfac027000-7fcfac02a000 r--s 000fd000 ca:01 261604                     /home/ubuntu/spark-2.1.1-bin-hadoop2.7/jars/leveldbjni-all-1.8.jar
7fcfac02a000-7fcfac030000 r--s 00063000 ca:01 261849                     /home/ubuntu/spark-2.1.1-bin-hadoop2.7/jars/jodd-core-3.5.2.jar
7fcfac030000-7fcfac034000 r--s 00030000 ca:01 261532                     /home/ubuntu/spark-2.1.1-bin-hadoop2.7/jars/commons-net-2.2.jar
7fcfac034000-7fcfac038000 r--s 00028000 ca:01 261608                     /home/ubuntu/spark-2.1.1-bin-hadoop2.7/jars/spark-mllib-local_2.11-2.1.1.jar
7fcfac038000-7fcfac03f000 r--s 0007d000 ca:01 261722                     /home/ubuntu/spark-2.1.1-bin-hadoop2.7/jars/jetty-6.1.26.jar
7fcfac03f000-7fcfac042000 r--s 0002f000 ca:01 261546                     /home/ubuntu/spark-2.1.1-bin-hadoop2.7/jars/RoaringBitmap-0.5.11.jar
7fcfac042000-7fcfac043000 r--s 00004000 ca:01 261866                     /home/ubuntu/spark-2.1.1-bin-hadoop2.7/jars/osgi-resource-locator-1.0.1.jar
7fcfac043000-7fcfac064000 r--s 0019b000 ca:01 261796                     /home/ubuntu/spark-2.1.1-bin-hadoop2.7/jars/spark-hive-thriftserver_2.11-2.1.1.jar
7fcfac064000-7fcfac069000 r--s 00041000 ca:01 261740                     /home/ubuntu/spark-2.1.1-bin-hadoop2.7/jars/commons-lang-2.6.jar
7fcfac069000-7fcfac06b000 r--s 00020000 ca:01 261749                     /home/ubuntu/spark-2.1.1-bin-hadoop2.7/jars/hive-beeline-1.2.1.spark2.jar
7fcfac06b000-7fcfac072000 r--s 00049000 ca:01 261736                     /home/ubuntu/spark-2.1.1-bin-hadoop2.7/jars/httpcore-4.4.4.jar
7fcfac072000-7fcfac074000 r--s 00014000 ca:01 261717                     /home/ubuntu/spark-2.1.1-bin-hadoop2.7/jars/spire-macros_2.11-0.7.4.jar
7fcfac074000-7fcfac075000 r--s 00001000 ca:01 261621                     /home/ubuntu/spark-2.1.1-bin-hadoop2.7/jars/pmml-schema-1.2.15.jar
7fcfac075000-7fcfac079000 r--s 00028000 ca:01 261573                     /home/ubuntu/spark-2.1.1-bin-hadoop2.7/jars/jetty-util-6.1.26.jar
7fcfac079000-7fcfac07c000 r--s 00006000 ca:01 261721                     /home/ubuntu/spark-2.1.1-bin-hadoop2.7/jars/jsr305-1.3.9.jar
7fcfac07c000-7fcfac083000 r--s 0005d000 ca:01 261793                     /home/ubuntu/spark-2.1.1-bin-hadoop2.7/jars/mx4j-3.0.2.jar
7fcfac083000-7fcfac085000 r--s 0000e000 ca:01 261821                     /home/ubuntu/spark-2.1.1-bin-hadoop2.7/jars/guice-servlet-3.0.jar
7fcfac085000-7fcfac08d000 r--s 0007b000 ca:01 261737                     /home/ubuntu/spark-2.1.1-bin-hadoop2.7/jars/protobuf-java-2.5.0.jar
7fcfac08d000-7fcfac096000 r--s 00062000 ca:01 261580                     /home/ubuntu/spark-2.1.1-bin-hadoop2.7/jars/avro-1.7.7.jar
7fcfac096000-7fcfac098000 r--s 00003000 ca:01 261733                     /home/ubuntu/spark-2.1.1-bin-hadoop2.7/jars/jcl-over-slf4j-1.7.16.jar
7fcfac098000-7fcfac168000 r--s 00cf0000 ca:01 261540                     /home/ubuntu/spark-2.1.1-bin-hadoop2.7/jars/breeze_2.11-0.12.jar
7fcfac168000-7fcfac169000 r--s 00002000 ca:01 261619                     /home/ubuntu/spark-2.1.1-bin-hadoop2.7/jars/slf4j-log4j12-1.7.16.jar
7fcfac169000-7fcfac16b000 r--s 00006000 ca:01 261578                     /home/ubuntu/spark-2.1.1-bin-hadoop2.7/jars/spark-sketch_2.11-2.1.1.jar
7fcfac16b000-7fcfac170000 r--s 00068000 ca:01 261791                     /home/ubuntu/spark-2.1.1-bin-hadoop2.7/jars/antlr-2.7.7.jar
7fcfac170000-7fcfac172000 r--s 00000000 ca:01 261759                     /home/ubuntu/spark-2.1.1-bin-hadoop2.7/jars/aopalliance-1.0.jar
7fcfac172000-7fcfac174000 r--s 00012000 ca:01 261730                     /home/ubuntu/spark-2.1.1-bin-hadoop2.7/jars/compress-lzf-1.0.3.jar
7fcfac174000-7fcfac181000 r--s 0009e000 ca:01 261822                     /home/ubuntu/spark-2.1.1-bin-hadoop2.7/jars/spark-graphx_2.11-2.1.1.jar
7fcfac181000-7fcfac186000 r--s 00028000 ca:01 261841                     /home/ubuntu/spark-2.1.1-bin-hadoop2.7/jars/avro-mapred-1.7.7-hadoop2.jar
7fcfac186000-7fcfac19c000 r--s 00124000 ca:01 261833                     /home/ubuntu/spark-2.1.1-bin-hadoop2.7/jars/ivy-2.4.0.jar
7fcfac19c000-7fcfac1a4000 r--s 00078000 ca:01 261805                     /home/ubuntu/spark-2.1.1-bin-hadoop2.7/jars/mail-1.4.7.jar
7fcfac1a4000-7fcfac1a9000 r--s 0004e000 ca:01 261582                     /home/ubuntu/spark-2.1.1-bin-hadoop2.7/jars/datanucleus-api-jdo-3.2.6.jar
7fcfac1a9000-7fcfac281000 r--s 00a88000 ca:01 261543                     /home/ubuntu/spark-2.1.1-bin-hadoop2.7/jars/spark-core_2.11-2.1.1.jar
7fcfac281000-7fcfac299000 r--s 001b6000 ca:01 261569                     /home/ubuntu/spark-2.1.1-bin-hadoop2.7/jars/datanucleus-core-3.2.10.jar
7fcfac299000-7fcfac2ad000 r--s 000ec000 ca:01 261539                     /home/ubuntu/spark-2.1.1-bin-hadoop2.7/jars/parquet-jackson-1.8.1.jar
7fcfac2ad000-7fcfac2af000 r--s 0000e000 ca:01 261785                     /home/ubuntu/spark-2.1.1-bin-hadoop2.7/jars/hadoop-mapreduce-client-jobclient-2.7.3.jar
7fcfac2af000-7fcfac2b1000 r--s 0000e000 ca:01 261536                     /home/ubuntu/spark-2.1.1-bin-hadoop2.7/jars/oro-2.0.8.jar
7fcfac2b1000-7fcfac2b3000 r--s 00003000 ca:01 261826                     /home/ubuntu/spark-2.1.1-bin-hadoop2.7/jars/JavaEWAH-0.3.2.jar
7fcfac2b3000-7fcfac2b5000 r--s 0000f000 ca:01 261757                     /home/ubuntu/spark-2.1.1-bin-hadoop2.7/jars/spark-launcher_2.11-2.1.1.jar
7fcfac2b5000-7fcfac2d7000 r--s 00335000 ca:01 261750                     /home/ubuntu/spark-2.1.1-bin-hadoop2.7/jars/mesos-1.0.0-shaded-protobuf.jar
7fcfac2d7000-7fcfac2d8000 r--s 00001000 ca:01 261610                     /home/ubuntu/spark-2.1.1-bin-hadoop2.7/jars/minlog-1.3.0.jar
7fcfac2d8000-7fcfac2db000 r--s 0001a000 ca:01 261834                     /home/ubuntu/spark-2.1.1-bin-hadoop2.7/jars/py4j-0.10.4.jar
7fcfac2db000-7fcfac2dc000 r--s 00009000 ca:01 261601                     /home/ubuntu/spark-2.1.1-bin-hadoop2.7/jars/json4s-jackson_2.11-3.2.11.jar
7fcfac2dc000-7fcfac2de000 r--s 0000d000 ca:01 261725                     /home/ubuntu/spark-2.1.1-bin-hadoop2.7/jars/hadoop-yarn-server-web-proxy-2.7.3.jar
7fcfac2de000-7fcfac341000 r--s 004de000 ca:01 261719                     /home/ubuntu/spark-2.1.1-bin-hadoop2.7/jars/hive-metastore-1.2.1.spark2.jar
7fcfac341000-7fcfac348000 r--s 00039000 ca:01 261727                     /home/ubuntu/spark-2.1.1-bin-hadoop2.7/jars/calcite-avatica-1.2.0-incubating.jar
7fcfac348000-7fcfac34f000 r--s 0003f000 ca:01 261603                     /home/ubuntu/spark-2.1.1-bin-hadoop2.7/jars/commons-codec-1.10.jar
7fcfac34f000-7fcfac351000 r--s 00100000 ca:01 261842                     /home/ubuntu/spark-2.1.1-bin-hadoop2.7/jars/snappy-java-1.1.2.6.jar
7fcfac351000-7fcfac355000 r--s 00029000 ca:01 261591                     /home/ubuntu/spark-2.1.1-bin-hadoop2.7/jars/hk2-locator-2.4.0-b34.jar
7fcfac355000-7fcfac358000 r--s 0000d000 ca:01 261742                     /home/ubuntu/spark-2.1.1-bin-hadoop2.7/jars/spark-network-shuffle_2.11-2.1.1.jar
7fcfac358000-7fcfac359000 r--s 00006000 ca:01 261788                     /home/ubuntu/spark-2.1.1-bin-hadoop2.7/jars/jackson-xc-1.9.13.jar
7fcfac359000-7fcfac36f000 r--s 000d1000 ca:01 261585                     /home/ubuntu/spark-2.1.1-bin-hadoop2.7/jars/parquet-column-1.8.1.jar
7fcfac36f000-7fcfac394000 rw-p 00000000 00:00 0 
7fcfac394000-7fcfac4a0000 r--s 00dba000 ca:01 261859                     /home/ubuntu/spark-2.1.1-bin-hadoop2.7/jars/scala-compiler-2.11.8.jar
7fcfac4a0000-7fcfac4a1000 r--s 00002000 ca:01 261764                     /home/ubuntu/spark-2.1.1-bin-hadoop2.7/jars/jpam-1.1.jar
7fcfac4a1000-7fcfac4b0000 r--s 0009f000 ca:01 261734                     /home/ubuntu/spark-2.1.1-bin-hadoop2.7/jars/guice-3.0.jar
7fcfac4b0000-7fcfac4c9000 r--s 00150000 ca:01 261626                     /home/ubuntu/spark-2.1.1-bin-hadoop2.7/jars/htrace-core-3.1.0-incubating.jar
7fcfac4c9000-7fcfac4df000 r--s 000d3000 ca:01 261625                     /home/ubuntu/spark-2.1.1-bin-hadoop2.7/jars/jersey-server-2.22.2.jar
7fcfac4df000-7fcfac4e1000 r--s 00008000 ca:01 261581                     /home/ubuntu/spark-2.1.1-bin-hadoop2.7/jars/parquet-common-1.8.1.jar
7fcfac4e1000-7fcfac4e3000 r--s 00002000 ca:01 261606                     /home/ubuntu/spark-2.1.1-bin-hadoop2.7/jars/aopalliance-repackaged-2.4.0-b34.jar
7fcfac4e3000-7fcfac4e7000 r--s 0003c000 ca:01 261854                     /home/ubuntu/spark-2.1.1-bin-hadoop2.7/jars/jackson-core-2.6.5.jar
7fcfac4e7000-7fcfac4f2000 r--s 00062000 ca:01 261729                     /home/ubuntu/spark-2.1.1-bin-hadoop2.7/jars/calcite-linq4j-1.2.0-incubating.jar
7fcfac4f2000-7fcfac528000 r--s 0031c000 ca:01 261565                     /home/ubuntu/spark-2.1.1-bin-hadoop2.7/jars/hadoop-common-2.7.3.jar
7fcfac528000-7fcfac52c000 r--s 0001a000 ca:01 261579                     /home/ubuntu/spark-2.1.1-bin-hadoop2.7/jars/hk2-utils-2.4.0-b34.jar
7fcfac52c000-7fcfac538000 r--s 000b6000 ca:01 261831                     /home/ubuntu/spark-2.1.1-bin-hadoop2.7/jars/zookeeper-3.4.6.jar
7fcfac538000-7fcfac53e000 r--s 00040000 ca:01 261709                     /home/ubuntu/spark-2.1.1-bin-hadoop2.7/jars/parquet-encoding-1.8.1.jar
7fcfac53e000-7fcfac543000 r--s 00036000 ca:01 261574                     /home/ubuntu/spark-2.1.1-bin-hadoop2.7/jars/commons-compress-1.4.1.jar
7fcfac543000-7fcfac570000 r--s 001d4000 ca:01 261863                     /home/ubuntu/spark-2.1.1-bin-hadoop2.7/jars/spark-streaming_2.11-2.1.1.jar
7fcfac570000-7fcfac573000 r--s 00022000 ca:01 261806                     /home/ubuntu/spark-2.1.1-bin-hadoop2.7/jars/stringtemplate-3.2.1.jar
7fcfac573000-7fcfac57a000 r--s 00036000 ca:01 261624                     /home/ubuntu/spark-2.1.1-bin-hadoop2.7/jars/curator-recipes-2.6.0.jar
7fcfac57a000-7fcfac57e000 r--s 00029000 ca:01 261548                     /home/ubuntu/spark-2.1.1-bin-hadoop2.7/jars/breeze-macros_2.11-0.12.jar
7fcfac57e000-7fcfac582000 r--s 00036000 ca:01 261851                     /home/ubuntu/spark-2.1.1-bin-hadoop2.7/jars/ST4-4.0.4.jar
7fcfac582000-7fcfac586000 r--s 00018000 ca:01 261584                     /home/ubuntu/spark-2.1.1-bin-hadoop2.7/jars/metrics-core-3.1.2.jar
7fcfac586000-7fcfac594000 r--s 000b1000 ca:01 261754                     /home/ubuntu/spark-2.1.1-bin-hadoop2.7/jars/jackson-mapper-asl-1.9.13.jar
7fcfac594000-7fcfac5a4000 r--s 000a0000 ca:01 261599                     /home/ubuntu/spark-2.1.1-bin-hadoop2.7/jars/spark-yarn_2.11-2.1.1.jar
7fcfac5a4000-7fcfac5a5000 r--s 00003000 ca:01 261590                     /home/ubuntu/spark-2.1.1-bin-hadoop2.7/jars/spark-tags_2.11-2.1.1.jar
7fcfac5a5000-7fcfac5b7000 r--s 00097000 ca:01 261804                     /home/ubuntu/spark-2.1.1-bin-hadoop2.7/jars/apacheds-kerberos-codec-2.0.0-M15.jar
7fcfac5b7000-7fcfac5ba000 r--s 00017000 ca:01 261800                     /home/ubuntu/spark-2.1.1-bin-hadoop2.7/jars/jaxb-api-2.2.2.jar
7fcfac5ba000-7fcfac5bc000 r--s 00009000 ca:01 261848                     /home/ubuntu/spark-2.1.1-bin-hadoop2.7/jars/objenesis-2.1.jar
7fcfac5bc000-7fcfac627000 r--s 00784000 ca:01 261535                     /home/ubuntu/spark-2.1.1-bin-hadoop2.7/jars/hadoop-hdfs-2.7.3.jar
7fcfac627000-7fcfac629000 r--s 00010000 ca:01 261752                     /home/ubuntu/spark-2.1.1-bin-hadoop2.7/jars/jersey-media-jaxb-2.22.2.jar
7fcfac629000-7fcfac636000 r--s 00083000 ca:01 261598                     /home/ubuntu/spark-2.1.1-bin-hadoop2.7/jars/commons-collections-3.2.2.jar
7fcfac636000-7fcfac63d000 r--s 00051000 ca:01 261542                     /home/ubuntu/spark-2.1.1-bin-hadoop2.7/jars/kryo-shaded-3.0.3.jar
7fcfac63d000-7fcfac674000 r--s 00325000 ca:01 261802                     /home/ubuntu/spark-2.1.1-bin-hadoop2.7/jars/calcite-core-1.2.0-incubating.jar
7fcfac674000-7fcfac677000 r--s 00012000 ca:01 261602                     /home/ubuntu/spark-2.1.1-bin-hadoop2.7/jars/json4s-ast_2.11-3.2.11.jar
7fcfac677000-7fcfac679000 r--s 0000e000 ca:01 261794                     /home/ubuntu/spark-2.1.1-bin-hadoop2.7/jars/commons-logging-1.1.3.jar
7fcfac679000-7fcfac722000 r--s 00a4f000 ca:01 261801                     /home/ubuntu/spark-2.1.1-bin-hadoop2.7/jars/hive-exec-1.2.1.spark2.jar
7fcfac722000-7fcfac723000 r--s 0000b000 ca:01 261631                     /home/ubuntu/spark-2.1.1-bin-hadoop2.7/jars/snappy-0.2.jar
7fcfac723000-7fcfac726000 r--s 00028000 ca:01 261541                     /home/ubuntu/spark-2.1.1-bin-hadoop2.7/jars/stream-2.7.0.jar
7fcfac726000-7fcfac75a000 r--s 00277000 ca:01 261592                     /home/ubuntu/spark-2.1.1-bin-hadoop2.7/jars/parquet-hadoop-bundle-1.6.0.jar
7fcfac75a000-7fcfac75e000 r--s 0000c000 ca:01 261617                     /home/ubuntu/spark-2.1.1-bin-hadoop2.7/jars/validation-api-1.1.0.Final.jar
7fcfac75e000-7fcfac787000 r--s 001ee000 ca:01 261862                     /home/ubuntu/spark-2.1.1-bin-hadoop2.7/jars/guava-14.0.1.jar
7fcfac787000-7fcfac794000 r--s 00071000 ca:01 261832                     /home/ubuntu/spark-2.1.1-bin-hadoop2.7/jars/jackson-module-scala_2.11-2.6.5.jar
7fcfac794000-7fcfac7ad000 r--s 00114000 ca:01 261577                     /home/ubuntu/spark-2.1.1-bin-hadoop2.7/jars/spark-hive_2.11-2.1.1.jar
7fcfac7ad000-7fcfac7c5000 r--s 00115000 ca:01 261824                     /home/ubuntu/spark-2.1.1-bin-hadoop2.7/jars/netty-3.8.0.Final.jar
7fcfac7c5000-7fcfac81e000 r--s 00522000 ca:01 261865                     /home/ubuntu/spark-2.1.1-bin-hadoop2.7/jars/scala-library-2.11.8.jar
7fcfac81e000-7fcfac825000 r--s 00049000 ca:01 261852                     /home/ubuntu/spark-2.1.1-bin-hadoop2.7/jars/univocity-parsers-2.2.1.jar
7fcfac825000-7fcfac871000 r--s 00411000 ca:01 261857                     /home/ubuntu/spark-2.1.1-bin-hadoop2.7/jars/scala-reflect-2.11.8.jar
7fcfac871000-7fcfac87f000 r--s 0009d000 ca:01 261614                     /home/ubuntu/spark-2.1.1-bin-hadoop2.7/jars/jersey-common-2.22.2.jar
7fcfac87f000-7fcfac889000 r--s 000aa000 ca:01 261762                     /home/ubuntu/spark-2.1.1-bin-hadoop2.7/jars/janino-3.0.0.jar
7fcfac889000-7fcfac88a000 r--s 00008000 ca:01 261844                     /home/ubuntu/spark-2.1.1-bin-hadoop2.7/jars/commons-compiler-3.0.0.jar
7fcfac88a000-7fcfac893000 r--s 00097000 ca:01 261837                     /home/ubuntu/spark-2.1.1-bin-hadoop2.7/jars/pmml-model-1.2.15.jar
7fcfac893000-7fcfac895000 r--s 00005000 ca:01 261741                     /home/ubuntu/spark-2.1.1-bin-hadoop2.7/jars/stax-api-1.0.1.jar
7fcfac895000-7fcfac899000 r--s 00035000 ca:01 261597                     /home/ubuntu/spark-2.1.1-bin-hadoop2.7/jars/jackson-core-asl-1.9.13.jar
7fcfac899000-7fcfac89c000 r--s 00019000 ca:01 261530                     /home/ubuntu/spark-2.1.1-bin-hadoop2.7/jars/bonecp-0.8.0.RELEASE.jar
7fcfac89c000-7fcfac89e000 r--s 00038000 ca:01 261789                     /home/ubuntu/spark-2.1.1-bin-hadoop2.7/jars/lz4-1.3.0.jar
7fcfac89e000-7fcfac8b7000 r--s 00164000 ca:01 261738                     /home/ubuntu/spark-2.1.1-bin-hadoop2.7/jars/hadoop-mapreduce-client-core-2.7.3.jar
7fcfac8b7000-7fcfac8ba000 r--s 00026000 ca:01 261792                     /home/ubuntu/spark-2.1.1-bin-hadoop2.7/jars/hadoop-yarn-client-2.7.3.jar
7fcfac8ba000-7fcfac8bc000 r--s 00017000 ca:01 261607                     /home/ubuntu/spark-2.1.1-bin-hadoop2.7/jars/hive-jdbc-1.2.1.spark2.jar
7fcfac8bc000-7fcfac93d000 r--s 005d9000 ca:01 261746                     /home/ubuntu/spark-2.1.1-bin-hadoop2.7/jars/spark-sql_2.11-2.1.1.jar
7fcfac93d000-7fcfac93e000 r--s 00006000 ca:01 261755                     /home/ubuntu/spark-2.1.1-bin-hadoop2.7/jars/hadoop-client-2.7.3.jar
7fcfac93e000-7fcfac945000 r--s 00058000 ca:01 261609                     /home/ubuntu/spark-2.1.1-bin-hadoop2.7/jars/hadoop-yarn-server-common-2.7.3.jar
7fcfac945000-7fcfac946000 r--s 0000a000 ca:01 261616                     /home/ubuntu/spark-2.1.1-bin-hadoop2.7/jars/apacheds-i18n-2.0.0-M15.jar
7fcfac946000-7fcfac947000 r--s 00000000 ca:01 261600                     /home/ubuntu/spark-2.1.1-bin-hadoop2.7/jars/javax.inject-1.jar
7fcfac947000-7fcfac94d000 r--s 00045000 ca:01 261605                     /home/ubuntu/spark-2.1.1-bin-hadoop2.7/jars/commons-httpclient-3.1.jar
7fcfac94d000-7fcfac95a000 r--s 000a7000 ca:01 261627                     /home/ubuntu/spark-2.1.1-bin-hadoop2.7/jars/httpclient-4.5.2.jar
7fcfac95a000-7fcfac95c000 r--s 0001f000 ca:01 261825                     /home/ubuntu/spark-2.1.1-bin-hadoop2.7/jars/commons-crypto-1.0.0.jar
7fcfac95c000-7fcfac961000 r--s 0002a000 ca:01 261735                     /home/ubuntu/spark-2.1.1-bin-hadoop2.7/jars/gson-2.2.4.jar
7fcfac961000-7fcfac9a1000 r--s 00277000 ca:01 261767                     /home/ubuntu/spark-2.1.1-bin-hadoop2.7/jars/bcprov-jdk15on-1.51.jar
7fcfac9a1000-7fcfac9a4000 r--s 00016000 ca:01 261593                     /home/ubuntu/spark-2.1.1-bin-hadoop2.7/jars/jsp-api-2.1.jar
7fcfac9a4000-7fcfac9a5000 r--s 00001000 ca:01 261838                     /home/ubuntu/spark-2.1.1-bin-hadoop2.7/jars/javax.inject-2.4.0-b34.jar
7fcfac9a5000-7fcfac9a6000 r--s 00002000 ca:01 261586                     /home/ubuntu/spark-2.1.1-bin-hadoop2.7/jars/java-xmlbuilder-1.0.jar
7fcfac9a6000-7fcfac9a8000 r--s 00015000 ca:01 261547                     /home/ubuntu/spark-2.1.1-bin-hadoop2.7/jars/hadoop-auth-2.7.3.jar
7fcfac9a8000-7fcfac9ac000 r--s 0002f000 ca:01 261795                     /home/ubuntu/spark-2.1.1-bin-hadoop2.7/jars/commons-beanutils-core-1.8.0.jar
7fcfac9ac000-7fcfac9db000 r--s 002e5000 ca:01 261846                     /home/ubuntu/spark-2.1.1-bin-hadoop2.7/jars/derby-10.12.1.1.jar
7fcfac9db000-7fcfac9dd000 r--s 00008000 ca:01 261544                     /home/ubuntu/spark-2.1.1-bin-hadoop2.7/jars/metrics-jvm-3.1.2.jar
7fcfac9dd000-7fcfac9e0000 r--s 00015000 ca:01 261723                     /home/ubuntu/spark-2.1.1-bin-hadoop2.7/jars/pyrolite-4.13.jar
7fcfac9e0000-7fcfac9e2000 r--s 0000e000 ca:01 261760                     /home/ubuntu/spark-2.1.1-bin-hadoop2.7/jars/spark-repl_2.11-2.1.1.jar
7fcfac9e2000-7fcfac9eb000 r--s 0006f000 ca:01 261724                     /home/ubuntu/spark-2.1.1-bin-hadoop2.7/jars/log4j-1.2.17.jar
7fcfac9eb000-7fcfac9ef000 r--s 00025000 ca:01 261850                     /home/ubuntu/spark-2.1.1-bin-hadoop2.7/jars/jersey-client-2.22.2.jar
7fcfac9ef000-7fcfac9f6000 r--s 00058000 ca:01 261589                     /home/ubuntu/spark-2.1.1-bin-hadoop2.7/jars/parquet-format-2.3.0-incubating.jar
7fcfac9f6000-7fcfac9f8000 r--s 00003000 ca:01 261615                     /home/ubuntu/spark-2.1.1-bin-hadoop2.7/jars/api-asn1-api-1.0.0-M20.jar
7fcfac9f8000-7fcfaca02000 r--s 0007b000 ca:01 261847                     /home/ubuntu/spark-2.1.1-bin-hadoop2.7/jars/hadoop-mapreduce-client-app-2.7.3.jar
7fcfaca02000-7fcfaca05000 r--s 0000e000 ca:01 261575                     /home/ubuntu/spark-2.1.1-bin-hadoop2.7/jars/jersey-container-servlet-core-2.22.2.jar
7fcfaca05000-7fcfaca09000 r--s 00025000 ca:01 261538                     /home/ubuntu/spark-2.1.1-bin-hadoop2.7/jars/antlr-runtime-3.4.jar
7fcfaca09000-7fcfaca1a000 r--s 00089000 ca:01 261623                     /home/ubuntu/spark-2.1.1-bin-hadoop2.7/jars/joda-time-2.9.3.jar
7fcfaca1a000-7fcfaca1c000 r--s 00005000 ca:01 261743                     /home/ubuntu/spark-2.1.1-bin-hadoop2.7/jars/javax.annotation-api-1.2.jar
7fcfaca1c000-7fcfaca21000 r--s 00032000 ca:01 261864                     /home/ubuntu/spark-2.1.1-bin-hadoop2.7/jars/chill_2.11-0.8.0.jar
7fcfaca21000-7fcfaca2c000 r--s 0005d000 ca:01 261853                     /home/ubuntu/spark-2.1.1-bin-hadoop2.7/jars/scala-parser-combinators_2.11-1.0.4.jar
7fcfaca2c000-7fcfaca3e000 r--s 00112000 ca:01 261835                     /home/ubuntu/spark-2.1.1-bin-hadoop2.7/jars/arpack_combined_all-0.1.jar
7fcfaca3e000-7fcfaca56000 r--s 000d6000 ca:01 261571                     /home/ubuntu/spark-2.1.1-bin-hadoop2.7/jars/jersey-guava-2.22.2.jar
7fcfaca56000-7fcfaca5c000 r--s 0002c000 ca:01 261828                     /home/ubuntu/spark-2.1.1-bin-hadoop2.7/jars/jdo-api-3.0.1.jar
7fcfaca5c000-7fcfaca63000 r--s 00046000 ca:01 261797                     /home/ubuntu/spark-2.1.1-bin-hadoop2.7/jars/libfb303-0.9.3.jar
7fcfaca63000-7fcfaca65000 r--s 00010000 ca:01 261622                     /home/ubuntu/spark-2.1.1-bin-hadoop2.7/jars/hadoop-mapreduce-client-shuffle-2.7.3.jar
7fcfaca65000-7fcfaca67000 r--s 00000000 ca:01 261836                     /home/ubuntu/spark-2.1.1-bin-hadoop2.7/jars/jul-to-slf4j-1.7.16.jar
7fcfaca67000-7fcfaca6a000 r--s 00014000 ca:01 261761                     /home/ubuntu/spark-2.1.1-bin-hadoop2.7/jars/super-csv-2.2.0.jar
7fcfaca6a000-7fcfaca7c000 r--s 000b3000 ca:01 261829                     /home/ubuntu/spark-2.1.1-bin-hadoop2.7/jars/scalap-2.11.8.jar
7fcfaca7c000-7fcfaca7e000 r--s 00003000 ca:01 261843                     /home/ubuntu/spark-2.1.1-bin-hadoop2.7/jars/base64-2.3.8.jar
7fcfaca7e000-7fcfaca80000 r--s 00003000 ca:01 261570                     /home/ubuntu/spark-2.1.1-bin-hadoop2.7/jars/jersey-container-servlet-2.22.2.jar
7fcfaca80000-7fcfaca8a000 r--s 000a5000 ca:01 261766                     /home/ubuntu/spark-2.1.1-bin-hadoop2.7/jars/javassist-3.18.1-GA.jar
7fcfaca8a000-7fcfaca8b000 r--s 00009000 ca:01 261534                     /home/ubuntu/spark-2.1.1-bin-hadoop2.7/jars/hadoop-annotations-2.7.3.jar
7fcfaca8b000-7fcfacaa3000 r--s 00115000 ca:01 261537                     /home/ubuntu/spark-2.1.1-bin-hadoop2.7/jars/xercesImpl-2.9.1.jar
7fcfacaa3000-7fcfacaa6000 r--s 00021000 ca:01 261596                     /home/ubuntu/spark-2.1.1-bin-hadoop2.7/jars/xbean-asm5-shaded-4.4.jar
7fcfacaa6000-7fcfacaa9000 r--s 00025000 ca:01 261618                     /home/ubuntu/spark-2.1.1-bin-hadoop2.7/jars/commons-dbcp-1.4.jar
7fcfacaa9000-7fcfacad0000 r--s 0020f000 ca:01 261726                     /home/ubuntu/spark-2.1.1-bin-hadoop2.7/jars/netty-all-4.0.42.Final.jar
7fcfacad0000-7fcfacad3000 r--s 00015000 ca:01 261620                     /home/ubuntu/spark-2.1.1-bin-hadoop2.7/jars/commons-pool-1.5.4.jar
7fcfacad3000-7fcfacb28000 r--s 0069c000 ca:01 261595                     /home/ubuntu/spark-2.1.1-bin-hadoop2.7/jars/spire_2.11-0.7.4.jar
7fcfacb28000-7fcfacb2a000 r--s 00004000 ca:01 261787                     /home/ubuntu/spark-2.1.1-bin-hadoop2.7/jars/metrics-graphite-3.1.2.jar
7fcfacb2a000-7fcfacb2b000 r--s 00003000 ca:01 261827                     /home/ubuntu/spark-2.1.1-bin-hadoop2.7/jars/metrics-json-3.1.2.jar
7fcfacb2b000-7fcfacb30000 r--s 00027000 ca:01 261861                     /home/ubuntu/spark-2.1.1-bin-hadoop2.7/jars/hk2-api-2.4.0-b34.jar
7fcfacb30000-7fcfacb36000 r--s 00034000 ca:01 261799                     /home/ubuntu/spark-2.1.1-bin-hadoop2.7/jars/libthrift-0.9.3.jar
7fcfacb36000-7fcfacb51000 r--s 001d6000 ca:01 256870                     /usr/lib/jvm/java-8-openjdk-amd64/jre/lib/ext/nashorn.jar
7fcfacb51000-7fcfacb6c000 r--s 00394000 ca:01 256871                     /usr/lib/jvm/java-8-openjdk-amd64/jre/lib/ext/cldrdata.jar
7fcfacb6c000-7fcfacb6d000 ---p 00000000 00:00 0 
7fcfacb6d000-7fcfacc6d000 rw-p 00000000 00:00 0 
7fcfacc6d000-7fcfacc70000 ---p 00000000 00:00 0 
7fcfacc70000-7fcfacd6e000 rw-p 00000000 00:00 0 
7fcfacd6e000-7fcfacd71000 ---p 00000000 00:00 0 
7fcfacd71000-7fcface6f000 rw-p 00000000 00:00 0 
7fcface6f000-7fcface72000 ---p 00000000 00:00 0 
7fcface72000-7fcfacf70000 rw-p 00000000 00:00 0 
7fcfacf70000-7fcfacf73000 ---p 00000000 00:00 0 
7fcfacf73000-7fcfad071000 rw-p 00000000 00:00 0 
7fcfad071000-7fcfad209000 r--p 00000000 ca:01 29052                      /usr/lib/locale/locale-archive
7fcfad209000-7fcfad20c000 ---p 00000000 00:00 0 
7fcfad20c000-7fcfad30a000 rw-p 00000000 00:00 0 
7fcfad30a000-7fcfad30d000 ---p 00000000 00:00 0 
7fcfad30d000-7fcfad40b000 rw-p 00000000 00:00 0 
7fcfad40b000-7fcfad40c000 ---p 00000000 00:00 0 
7fcfad40c000-7fcfad50c000 rw-p 00000000 00:00 0 
7fcfad50c000-7fcfad6db000 r--s 03c32000 ca:01 256863                     /usr/lib/jvm/java-8-openjdk-amd64/jre/lib/rt.jar
7fcfad6db000-7fcfadf51000 rw-p 00000000 00:00 0 
7fcfadf51000-7fcfadf63000 rw-p 00000000 00:00 0 
7fcfadf63000-7fcfae0a7000 ---p 00000000 00:00 0 
7fcfae0a7000-7fcfae0b0000 rw-p 00000000 00:00 0 
7fcfae0b0000-7fcfae151000 ---p 00000000 00:00 0 
7fcfae151000-7fcfae164000 rw-p 00000000 00:00 0 
7fcfae164000-7fcfae2a7000 ---p 00000000 00:00 0 
7fcfae2a7000-7fcfae2f9000 rw-p 00000000 00:00 0 
7fcfae2f9000-7fcfae668000 ---p 00000000 00:00 0 
7fcfae668000-7fcfae670000 r-xp 00000000 ca:01 256902                     /usr/lib/jvm/java-8-openjdk-amd64/jre/lib/amd64/libzip.so
7fcfae670000-7fcfae86f000 ---p 00008000 ca:01 256902                     /usr/lib/jvm/java-8-openjdk-amd64/jre/lib/amd64/libzip.so
7fcfae86f000-7fcfae870000 r--p 00007000 ca:01 256902                     /usr/lib/jvm/java-8-openjdk-amd64/jre/lib/amd64/libzip.so
7fcfae870000-7fcfae871000 rw-p 00008000 ca:01 256902                     /usr/lib/jvm/java-8-openjdk-amd64/jre/lib/amd64/libzip.so
7fcfae871000-7fcfae87c000 r-xp 00000000 ca:01 1993                       /lib/x86_64-linux-gnu/libnss_files-2.23.so
7fcfae87c000-7fcfaea7b000 ---p 0000b000 ca:01 1993                       /lib/x86_64-linux-gnu/libnss_files-2.23.so
7fcfaea7b000-7fcfaea7c000 r--p 0000a000 ca:01 1993                       /lib/x86_64-linux-gnu/libnss_files-2.23.so
7fcfaea7c000-7fcfaea7d000 rw-p 0000b000 ca:01 1993                       /lib/x86_64-linux-gnu/libnss_files-2.23.so
7fcfaea7d000-7fcfaea83000 rw-p 00000000 00:00 0 
7fcfaea83000-7fcfaea8e000 r-xp 00000000 ca:01 1997                       /lib/x86_64-linux-gnu/libnss_nis-2.23.so
7fcfaea8e000-7fcfaec8d000 ---p 0000b000 ca:01 1997                       /lib/x86_64-linux-gnu/libnss_nis-2.23.so
7fcfaec8d000-7fcfaec8e000 r--p 0000a000 ca:01 1997                       /lib/x86_64-linux-gnu/libnss_nis-2.23.so
7fcfaec8e000-7fcfaec8f000 rw-p 0000b000 ca:01 1997                       /lib/x86_64-linux-gnu/libnss_nis-2.23.so
7fcfaec8f000-7fcfaeca5000 r-xp 00000000 ca:01 1977                       /lib/x86_64-linux-gnu/libnsl-2.23.so
7fcfaeca5000-7fcfaeea4000 ---p 00016000 ca:01 1977                       /lib/x86_64-linux-gnu/libnsl-2.23.so
7fcfaeea4000-7fcfaeea5000 r--p 00015000 ca:01 1977                       /lib/x86_64-linux-gnu/libnsl-2.23.so
7fcfaeea5000-7fcfaeea6000 rw-p 00016000 ca:01 1977                       /lib/x86_64-linux-gnu/libnsl-2.23.so
7fcfaeea6000-7fcfaeea8000 rw-p 00000000 00:00 0 
7fcfaeea8000-7fcfaeeb0000 r-xp 00000000 ca:01 1988                       /lib/x86_64-linux-gnu/libnss_compat-2.23.so
7fcfaeeb0000-7fcfaf0af000 ---p 00008000 ca:01 1988                       /lib/x86_64-linux-gnu/libnss_compat-2.23.so
7fcfaf0af000-7fcfaf0b0000 r--p 00007000 ca:01 1988                       /lib/x86_64-linux-gnu/libnss_compat-2.23.so
7fcfaf0b0000-7fcfaf0b1000 rw-p 00008000 ca:01 1988                       /lib/x86_64-linux-gnu/libnss_compat-2.23.so
7fcfaf0b1000-7fcfaf0de000 r-xp 00000000 ca:01 256919                     /usr/lib/jvm/java-8-openjdk-amd64/jre/lib/amd64/libjava.so
7fcfaf0de000-7fcfaf2dd000 ---p 0002d000 ca:01 256919                     /usr/lib/jvm/java-8-openjdk-amd64/jre/lib/amd64/libjava.so
7fcfaf2dd000-7fcfaf2de000 r--p 0002c000 ca:01 256919                     /usr/lib/jvm/java-8-openjdk-amd64/jre/lib/amd64/libjava.so
7fcfaf2de000-7fcfaf2e0000 rw-p 0002d000 ca:01 256919                     /usr/lib/jvm/java-8-openjdk-amd64/jre/lib/amd64/libjava.so
7fcfaf2e0000-7fcfaf2ef000 r-xp 00000000 ca:01 256907                     /usr/lib/jvm/java-8-openjdk-amd64/jre/lib/amd64/libverify.so
7fcfaf2ef000-7fcfaf4ee000 ---p 0000f000 ca:01 256907                     /usr/lib/jvm/java-8-openjdk-amd64/jre/lib/amd64/libverify.so
7fcfaf4ee000-7fcfaf4f0000 r--p 0000e000 ca:01 256907                     /usr/lib/jvm/java-8-openjdk-amd64/jre/lib/amd64/libverify.so
7fcfaf4f0000-7fcfaf4f1000 rw-p 00010000 ca:01 256907                     /usr/lib/jvm/java-8-openjdk-amd64/jre/lib/amd64/libverify.so
7fcfaf4f1000-7fcfaf4f8000 r-xp 00000000 ca:01 1998                       /lib/x86_64-linux-gnu/librt-2.23.so
7fcfaf4f8000-7fcfaf6f7000 ---p 00007000 ca:01 1998                       /lib/x86_64-linux-gnu/librt-2.23.so
7fcfaf6f7000-7fcfaf6f8000 r--p 00006000 ca:01 1998                       /lib/x86_64-linux-gnu/librt-2.23.so
7fcfaf6f8000-7fcfaf6f9000 rw-p 00007000 ca:01 1998                       /lib/x86_64-linux-gnu/librt-2.23.so
7fcfaf6f9000-7fcfaf70f000 r-xp 00000000 ca:01 1975                       /lib/x86_64-linux-gnu/libgcc_s.so.1
7fcfaf70f000-7fcfaf90e000 ---p 00016000 ca:01 1975                       /lib/x86_64-linux-gnu/libgcc_s.so.1
7fcfaf90e000-7fcfaf90f000 rw-p 00015000 ca:01 1975                       /lib/x86_64-linux-gnu/libgcc_s.so.1
7fcfaf90f000-7fcfafa17000 r-xp 00000000 ca:01 1976                       /lib/x86_64-linux-gnu/libm-2.23.so
7fcfafa17000-7fcfafc16000 ---p 00108000 ca:01 1976                       /lib/x86_64-linux-gnu/libm-2.23.so
7fcfafc16000-7fcfafc17000 r--p 00107000 ca:01 1976                       /lib/x86_64-linux-gnu/libm-2.23.so
7fcfafc17000-7fcfafc18000 rw-p 00108000 ca:01 1976                       /lib/x86_64-linux-gnu/libm-2.23.so
7fcfafc18000-7fcfafd8a000 r-xp 00000000 ca:01 7979                       /usr/lib/x86_64-linux-gnu/libstdc++.so.6.0.21
7fcfafd8a000-7fcfaff8a000 ---p 00172000 ca:01 7979                       /usr/lib/x86_64-linux-gnu/libstdc++.so.6.0.21
7fcfaff8a000-7fcfaff94000 r--p 00172000 ca:01 7979                       /usr/lib/x86_64-linux-gnu/libstdc++.so.6.0.21
7fcfaff94000-7fcfaff96000 rw-p 0017c000 ca:01 7979                       /usr/lib/x86_64-linux-gnu/libstdc++.so.6.0.21
7fcfaff96000-7fcfaff9a000 rw-p 00000000 00:00 0 
7fcfaff9a000-7fcfb0bf7000 r-xp 00000000 ca:01 256884                     /usr/lib/jvm/java-8-openjdk-amd64/jre/lib/amd64/server/libjvm.so
7fcfb0bf7000-7fcfb0df7000 ---p 00c5d000 ca:01 256884                     /usr/lib/jvm/java-8-openjdk-amd64/jre/lib/amd64/server/libjvm.so
7fcfb0df7000-7fcfb0e8b000 r--p 00c5d000 ca:01 256884                     /usr/lib/jvm/java-8-openjdk-amd64/jre/lib/amd64/server/libjvm.so
7fcfb0e8b000-7fcfb0eb4000 rw-p 00cf1000 ca:01 256884                     /usr/lib/jvm/java-8-openjdk-amd64/jre/lib/amd64/server/libjvm.so
7fcfb0eb4000-7fcfb0ee4000 rw-p 00000000 00:00 0 
7fcfb0ee4000-7fcfb0efc000 r-xp 00000000 ca:01 1979                       /lib/x86_64-linux-gnu/libpthread-2.23.so
7fcfb0efc000-7fcfb10fb000 ---p 00018000 ca:01 1979                       /lib/x86_64-linux-gnu/libpthread-2.23.so
7fcfb10fb000-7fcfb10fc000 r--p 00017000 ca:01 1979                       /lib/x86_64-linux-gnu/libpthread-2.23.so
7fcfb10fc000-7fcfb10fd000 rw-p 00018000 ca:01 1979                       /lib/x86_64-linux-gnu/libpthread-2.23.so
7fcfb10fd000-7fcfb1101000 rw-p 00000000 00:00 0 
7fcfb1101000-7fcfb1104000 r-xp 00000000 ca:01 1982                       /lib/x86_64-linux-gnu/libdl-2.23.so
7fcfb1104000-7fcfb1303000 ---p 00003000 ca:01 1982                       /lib/x86_64-linux-gnu/libdl-2.23.so
7fcfb1303000-7fcfb1304000 r--p 00002000 ca:01 1982                       /lib/x86_64-linux-gnu/libdl-2.23.so
7fcfb1304000-7fcfb1305000 rw-p 00003000 ca:01 1982                       /lib/x86_64-linux-gnu/libdl-2.23.so
7fcfb1305000-7fcfb131e000 r-xp 00000000 ca:01 2129                       /lib/x86_64-linux-gnu/libz.so.1.2.8
7fcfb131e000-7fcfb151d000 ---p 00019000 ca:01 2129                       /lib/x86_64-linux-gnu/libz.so.1.2.8
7fcfb151d000-7fcfb151e000 r--p 00018000 ca:01 2129                       /lib/x86_64-linux-gnu/libz.so.1.2.8
7fcfb151e000-7fcfb151f000 rw-p 00019000 ca:01 2129                       /lib/x86_64-linux-gnu/libz.so.1.2.8
7fcfb151f000-7fcfb16df000 r-xp 00000000 ca:01 1980                       /lib/x86_64-linux-gnu/libc-2.23.so
7fcfb16df000-7fcfb18df000 ---p 001c0000 ca:01 1980                       /lib/x86_64-linux-gnu/libc-2.23.so
7fcfb18df000-7fcfb18e3000 r--p 001c0000 ca:01 1980                       /lib/x86_64-linux-gnu/libc-2.23.so
7fcfb18e3000-7fcfb18e5000 rw-p 001c4000 ca:01 1980                       /lib/x86_64-linux-gnu/libc-2.23.so
7fcfb18e5000-7fcfb18e9000 rw-p 00000000 00:00 0 
7fcfb18e9000-7fcfb18f6000 r-xp 00000000 ca:01 256904                     /usr/lib/jvm/java-8-openjdk-amd64/jre/lib/amd64/jli/libjli.so
7fcfb18f6000-7fcfb1af6000 ---p 0000d000 ca:01 256904                     /usr/lib/jvm/java-8-openjdk-amd64/jre/lib/amd64/jli/libjli.so
7fcfb1af6000-7fcfb1af7000 r--p 0000d000 ca:01 256904                     /usr/lib/jvm/java-8-openjdk-amd64/jre/lib/amd64/jli/libjli.so
7fcfb1af7000-7fcfb1af8000 rw-p 0000e000 ca:01 256904                     /usr/lib/jvm/java-8-openjdk-amd64/jre/lib/amd64/jli/libjli.so
7fcfb1af8000-7fcfb1b1e000 r-xp 00000000 ca:01 1978                       /lib/x86_64-linux-gnu/ld-2.23.so
7fcfb1b1e000-7fcfb1b20000 r--s 0000f000 ca:01 261715                     /home/ubuntu/spark-2.1.1-bin-hadoop2.7/jars/curator-client-2.6.0.jar
7fcfb1b20000-7fcfb1b23000 r--s 0000f000 ca:01 256869                     /usr/lib/jvm/java-8-openjdk-amd64/jre/lib/ext/icedtea-sound.jar
7fcfb1b23000-7fcfb1b26000 r--s 00038000 ca:01 256872                     /usr/lib/jvm/java-8-openjdk-amd64/jre/lib/ext/sunpkcs11.jar
7fcfb1b26000-7fcfb1b2c000 r--s 0003b000 ca:01 256877                     /usr/lib/jvm/java-8-openjdk-amd64/jre/lib/ext/sunjce_provider.jar
7fcfb1b2c000-7fcfb1b36000 r--s 00116000 ca:01 256876                     /usr/lib/jvm/java-8-openjdk-amd64/jre/lib/ext/localedata.jar
7fcfb1b36000-7fcfb1c07000 rw-p 00000000 00:00 0 
7fcfb1c07000-7fcfb1c0f000 rw-s 00000000 ca:01 256220                     /tmp/hsperfdata_ubuntu/29310
7fcfb1c0f000-7fcfb1c12000 ---p 00000000 00:00 0 
7fcfb1c12000-7fcfb1d14000 rw-p 00000000 00:00 0 
7fcfb1d14000-7fcfb1d15000 r--s 00010000 ca:01 256874                     /usr/lib/jvm/java-8-openjdk-amd64/jre/lib/ext/zipfs.jar
7fcfb1d15000-7fcfb1d16000 r--s 0000a000 ca:01 256879                     /usr/lib/jvm/java-8-openjdk-amd64/jre/lib/ext/jaccess.jar
7fcfb1d16000-7fcfb1d18000 r--s 00001000 ca:01 256873                     /usr/lib/jvm/java-8-openjdk-amd64/jre/lib/ext/dnsns.jar
7fcfb1d18000-7fcfb1d1a000 r--s 00008000 ca:01 256878                     /usr/lib/jvm/java-8-openjdk-amd64/jre/lib/ext/sunec.jar
7fcfb1d1a000-7fcfb1d1b000 rw-p 00000000 00:00 0 
7fcfb1d1b000-7fcfb1d1c000 r--p 00000000 00:00 0 
7fcfb1d1c000-7fcfb1d1d000 rw-p 00000000 00:00 0 
7fcfb1d1d000-7fcfb1d1e000 r--p 00025000 ca:01 1978                       /lib/x86_64-linux-gnu/ld-2.23.so
7fcfb1d1e000-7fcfb1d1f000 rw-p 00026000 ca:01 1978                       /lib/x86_64-linux-gnu/ld-2.23.so
7fcfb1d1f000-7fcfb1d20000 rw-p 00000000 00:00 0 
7ffd263f7000-7ffd26418000 rw-p 00000000 00:00 0                          [stack]
7ffd26548000-7ffd2654b000 r--p 00000000 00:00 0                          [vvar]
7ffd2654b000-7ffd2654d000 r-xp 00000000 00:00 0                          [vdso]
ffffffffff600000-ffffffffff601000 r-xp 00000000 00:00 0                  [vsyscall]

VM Arguments:
jvm_args: -Xmx1g 
java_command: org.apache.spark.deploy.SparkSubmit --conf spark.app.name=INFOSYS722 pyspark-shell
java_class_path (initial): /home/ubuntu/spark-2.1.1-bin-hadoop2.7/conf/:/home/ubuntu/spark-2.1.1-bin-hadoop2.7/jars/libthrift-0.9.3.jar:/home/ubuntu/spark-2.1.1-bin-hadoop2.7/jars/curator-client-2.6.0.jar:/home/ubuntu/spark-2.1.1-bin-hadoop2.7/jars/hk2-api-2.4.0-b34.jar:/home/ubuntu/spark-2.1.1-bin-hadoop2.7/jars/metrics-json-3.1.2.jar:/home/ubuntu/spark-2.1.1-bin-hadoop2.7/jars/metrics-graphite-3.1.2.jar:/home/ubuntu/spark-2.1.1-bin-hadoop2.7/jars/spire_2.11-0.7.4.jar:/home/ubuntu/spark-2.1.1-bin-hadoop2.7/jars/commons-pool-1.5.4.jar:/home/ubuntu/spark-2.1.1-bin-hadoop2.7/jars/netty-all-4.0.42.Final.jar:/home/ubuntu/spark-2.1.1-bin-hadoop2.7/jars/commons-dbcp-1.4.jar:/home/ubuntu/spark-2.1.1-bin-hadoop2.7/jars/xbean-asm5-shaded-4.4.jar:/home/ubuntu/spark-2.1.1-bin-hadoop2.7/jars/xercesImpl-2.9.1.jar:/home/ubuntu/spark-2.1.1-bin-hadoop2.7/jars/hadoop-annotations-2.7.3.jar:/home/ubuntu/spark-2.1.1-bin-hadoop2.7/jars/javassist-3.18.1-GA.jar:/home/ubuntu/spark-2.1.1-bin-hadoop2.7/jars/jersey-container-servlet-2.22.2.jar:/home/ubuntu/spark-2.1.1-bin-hadoop2.7/jars/base64-2.3.8.jar:/home/ubuntu/spark-2.1.1-bin-hadoop2.7/jars/scalap-2.11.8.jar:/home/ubuntu/spark-2.1.1-bin-hadoop2.7/jars/super-csv-2.2.0.jar:/home/ubuntu/spark-2.1.1-bin-hadoop2.7/jars/jul-to-slf4j-1.7.16.jar:/home/ubuntu/spark-2.1.1-bin-hadoop2.7/jars/hadoop-mapreduce-client-shuffle-2.7.3.jar:/home/ubuntu/spark-2.1.1-bin-hadoop2.7/jars/libfb303-0.9.3.jar:/home/ubuntu/spark-2.1.1-bin-hadoop2.7/jars/jdo-api-3.0.1.jar:/home/ubuntu/spark-2.1.1-bin-hadoop2.7/jars/jersey-guava-2.22.2.jar:/home/ubuntu/spark-2.1.1-bin-hadoop2.7/jars/arpack_combined_all-0.1.jar:/home/ubuntu/spark-2.1.1-bin-hadoop2.7/jars/scala-parser-combinators_2.11-1.0.4.jar:/home/ubuntu/spark-2.1.1-bin-hadoop2.7/jars/chill_2.11-0.8.0.jar:/home/ubuntu/spark-2.1.1-bin-hadoop2.7/jars/javax.annotation-api-1.2.jar:/home/ubuntu/spark-2.1.1-bin-hadoop2.7/jars/joda-time-2.9.3.jar:/home/ubuntu/spark-2.1.1-bin-hadoop2.7/jars/antlr-runtime-3.4.jar:/home/u
Launcher Type: SUN_STANDARD

Environment Variables:
PATH=/home/ubuntu/.local/bin:/home/ubuntu/bin:/home/ubuntu/.local/bin:/usr/local/sbin:/usr/local/bin:/usr/sbin:/usr/bin:/sbin:/bin:/usr/games:/usr/local/games:/snap/bin
SHELL=/bin/bash

Signal Handlers:
SIGSEGV: [libjvm.so+0xa71a30], sa_mask[0]=11111111011111111101111111111110, sa_flags=SA_RESTART|SA_SIGINFO
SIGBUS: [libjvm.so+0xa71a30], sa_mask[0]=11111111011111111101111111111110, sa_flags=SA_RESTART|SA_SIGINFO
SIGFPE: [libjvm.so+0x8b8f40], sa_mask[0]=11111111011111111101111111111110, sa_flags=SA_RESTART|SA_SIGINFO
SIGPIPE: [libjvm.so+0x8b8f40], sa_mask[0]=11111111011111111101111111111110, sa_flags=SA_RESTART|SA_SIGINFO
SIGXFSZ: [libjvm.so+0x8b8f40], sa_mask[0]=11111111011111111101111111111110, sa_flags=SA_RESTART|SA_SIGINFO
SIGILL: [libjvm.so+0x8b8f40], sa_mask[0]=11111111011111111101111111111110, sa_flags=SA_RESTART|SA_SIGINFO
SIGUSR1: SIG_DFL, sa_mask[0]=00000000000000000000000000000000, sa_flags=none
SIGUSR2: [libjvm.so+0x8b8df0], sa_mask[0]=00000000000000000000000000000000, sa_flags=SA_RESTART|SA_SIGINFO
SIGHUP: [libjvm.so+0x8b92c0], sa_mask[0]=11111111011111111101111111111110, sa_flags=SA_RESTART|SA_SIGINFO
SIGINT: SIG_IGN, sa_mask[0]=00000000000000000000000000000000, sa_flags=none
SIGTERM: [libjvm.so+0x8b92c0], sa_mask[0]=11111111011111111101111111111110, sa_flags=SA_RESTART|SA_SIGINFO
SIGQUIT: [libjvm.so+0x8b92c0], sa_mask[0]=11111111011111111101111111111110, sa_flags=SA_RESTART|SA_SIGINFO


---------------  S Y S T E M  ---------------

OS:DISTRIB_ID=Ubuntu
DISTRIB_RELEASE=16.04
DISTRIB_CODENAME=xenial
DISTRIB_DESCRIPTION="Ubuntu 16.04.4 LTS"

uname:Linux 4.4.0-1065-aws #75-Ubuntu SMP Fri Aug 10 11:14:32 UTC 2018 x86_64
libc:glibc 2.23 NPTL 2.23 
rlimit: STACK 8192k, CORE 0k, NPROC 3900, NOFILE 1048576, AS infinity
load average:10.08 9.75 9.52

/proc/meminfo:
MemTotal:        1014500 kB
MemFree:           49736 kB
MemAvailable:          0 kB
Buffers:             220 kB
Cached:            18984 kB
SwapCached:            0 kB
Active:           881896 kB
Inactive:          13544 kB
Active(anon):     879108 kB
Inactive(anon):    10368 kB
Active(file):       2788 kB
Inactive(file):     3176 kB
Unevictable:        3652 kB
Mlocked:            3652 kB
SwapTotal:             0 kB
SwapFree:              0 kB
Dirty:                20 kB
Writeback:             0 kB
AnonPages:        879924 kB
Mapped:             7700 kB
Shmem:             10780 kB
Slab:              38192 kB
SReclaimable:      20044 kB
SUnreclaim:        18148 kB
KernelStack:        4576 kB
PageTables:         7940 kB
NFS_Unstable:          0 kB
Bounce:                0 kB
WritebackTmp:          0 kB
CommitLimit:      507248 kB
Committed_AS:    1567292 kB
VmallocTotal:   34359738367 kB
VmallocUsed:           0 kB
VmallocChunk:          0 kB
HardwareCorrupted:     0 kB
AnonHugePages:    272384 kB
CmaTotal:              0 kB
CmaFree:               0 kB
HugePages_Total:       0
HugePages_Free:        0
HugePages_Rsvd:        0
HugePages_Surp:        0
Hugepagesize:       2048 kB
DirectMap4k:       49152 kB
DirectMap2M:      999424 kB


CPU:total 1 (initial active 1) (1 cores per cpu, 1 threads per core) family 6 model 63 stepping 2, cmov, cx8, fxsr, mmx, sse, sse2, sse3, ssse3, sse4.1, sse4.2, popcnt, avx, avx2, aes, clmul, erms, lzcnt, tsc, bmi1, bmi2

/proc/cpuinfo:
processor	: 0
vendor_id	: GenuineIntel
cpu family	: 6
model		: 63
model name	: Intel(R) Xeon(R) CPU E5-2676 v3 @ 2.40GHz
stepping	: 2
microcode	: 0x3c
cpu MHz		: 2400.084
cache size	: 30720 KB
physical id	: 0
siblings	: 1
core id		: 0
cpu cores	: 1
apicid		: 0
initial apicid	: 0
fpu		: yes
fpu_exception	: yes
cpuid level	: 13
wp		: yes
flags		: fpu vme de pse tsc msr pae mce cx8 apic sep mtrr pge mca cmov pat pse36 clflush mmx fxsr sse sse2 ht syscall nx rdtscp lm constant_tsc rep_good nopl xtopology eagerfpu pni pclmulqdq ssse3 fma cx16 pcid sse4_1 sse4_2 x2apic movbe popcnt tsc_deadline_timer aes xsave avx f16c rdrand hypervisor lahf_lm abm invpcid_single kaiser fsgsbase bmi1 avx2 smep bmi2 erms invpcid xsaveopt
bugs		: cpu_meltdown spectre_v1 spectre_v2 spec_store_bypass l1tf
bogomips	: 4800.16
clflush size	: 64
cache_alignment	: 64
address sizes	: 46 bits physical, 48 bits virtual
power management:



Memory: 4k page, physical 1014500k(49736k free), swap 0k(0k free)

vm_info: OpenJDK 64-Bit Server VM (25.181-b13) for linux-amd64 JRE (1.8.0_181-8u181-b13-0ubuntu0.16.04.1-b13), built on Jul 30 2018 21:06:27 by "buildd" with gcc 5.4.0 20160609

time: Mon Oct  8 01:50:18 2018
elapsed time: 1001 seconds (0d 0h 16m 41s)

